C:\Anaconda\python.exe C:/Users/raymond/PycharmProjects/OpenHack13Mar18/challenge5/test_CNN.py
Using TensorFlow backend.
Loading images
from: axes/100172.jpeg
data is (40, 40, 3)
Image class  axes
from: axes/10036053x1012980_zm.jpeg
data is (40, 40, 3)
Image class  axes
from: axes/10045714_zm.jpeg
data is (40, 40, 3)
Image class  axes
from: axes/100937.jpeg
data is (40, 40, 3)
Image class  axes
from: axes/100938.jpeg
data is (40, 40, 3)
Image class  axes
from: axes/10101173x1012980_zm.jpeg
data is (40, 40, 3)
Image class  axes
from: axes/10188438x1011898_zm.jpeg
data is (40, 40, 3)
Image class  axes
from: axes/10189964_zm.jpeg
data is (40, 40, 3)
Image class  axes
from: axes/10189970_zm.jpeg
data is (40, 40, 3)
Image class  axes
from: axes/10189971_zm.jpeg
data is (40, 40, 3)
Image class  axes
from: axes/10215531x1028317_zm.jpeg
data is (40, 40, 3)
Image class  axes
from: axes/10258915x1152209_zm.jpeg
data is (40, 40, 3)
Image class  axes
from: axes/10260981_zm.jpeg
data is (40, 40, 3)
Image class  axes
from: axes/10260983_zm.jpeg
data is (40, 40, 3)
Image class  axes
from: axes/10285571x1013345_zm.jpeg
data is (40, 40, 3)
Image class  axes
from: axes/10285573x1013345_zm.jpeg
data is (40, 40, 3)
Image class  axes
from: axes/10291030_zm.jpeg
data is (40, 40, 3)
Image class  axes
from: axes/10291102_zm.jpeg
data is (40, 40, 3)
Image class  axes
from: axes/10321075_zm.jpeg
data is (40, 40, 3)
Image class  axes
from: axes/10331860x1078795_zm.jpeg
data is (40, 40, 3)
Image class  axes
from: axes/10331871x1010938_zm.jpeg
data is (40, 40, 3)
Image class  axes
from: axes/10347141x1152209_zm.jpeg
data is (40, 40, 3)
Image class  axes
from: axes/10351594_zm.jpeg
data is (40, 40, 3)
Image class  axes
from: axes/10351595_zm.jpeg
data is (40, 40, 3)
Image class  axes
from: axes/10351608_zm.jpeg
data is (40, 40, 3)
Image class  axes
from: axes/10353611_zm.jpeg
data is (40, 40, 3)
Image class  axes
from: axes/10353612_zm.jpeg
data is (40, 40, 3)
Image class  axes
from: axes/10353624_zm.jpeg
data is (40, 40, 3)
Image class  axes
from: axes/10353625_zm.jpeg
data is (40, 40, 3)
Image class  axes
from: axes/107254.jpeg
data is (40, 40, 3)
Image class  axes
from: axes/113409.jpeg
data is (40, 40, 3)
Image class  axes
from: axes/113410.jpeg
data is (40, 40, 3)
Image class  axes
from: axes/1312778_000_main.jpg
data is (40, 40, 3)
Image class  axes
from: axes/1312779_000_main.jpg
data is (40, 40, 3)
Image class  axes
from: axes/1312786_004_main.jpg
data is (40, 40, 3)
Image class  axes
from: axes/1312788_004_main.jpg
data is (40, 40, 3)
Image class  axes
from: axes/1312790_004_main.jpg
data is (40, 40, 3)
Image class  axes
from: axes/1312793_915_main.jpg
data is (40, 40, 3)
Image class  axes
from: axes/1312794_000_main.jpg
data is (40, 40, 3)
Image class  axes
from: axes/1312796_000_main.jpg
data is (40, 40, 3)
Image class  axes
from: axes/1312797_000_main.jpg
data is (40, 40, 3)
Image class  axes
from: axes/2022015_701_main.jpg
data is (40, 40, 3)
Image class  axes
from: axes/2022022_004_main.jpg
data is (40, 40, 3)
Image class  axes
from: axes/2022035_601_main.jpg
data is (40, 40, 3)
Image class  axes
from: axes/2027570_007_main.jpg
data is (40, 40, 3)
Image class  axes
from: axes/2027573_007_main.jpg
data is (40, 40, 3)
Image class  axes
from: axes/2034782_001_main.jpg
data is (40, 40, 3)
Image class  axes
from: axes/2136EfcKEsL._AC_US436_QL65_ (2).jpg
data is (40, 40, 3)
Image class  axes
from: axes/2136EfcKEsL._AC_US436_QL65_.jpg
data is (40, 40, 3)
Image class  axes
from: axes/21HnHt+LMDL._AC_US436_QL65_ (2).jpg
data is (40, 40, 3)
Image class  axes
from: axes/21HnHt+LMDL._AC_US436_QL65_.jpg
data is (40, 40, 3)
Image class  axes
from: axes/3121G7pNU1L._AC_US436_QL65_.jpg
data is (40, 40, 3)
Image class  axes
from: axes/316Egv7uPML._AC_US436_QL65_.jpg
data is (40, 40, 3)
Image class  axes
from: axes/316lIqSK-tL._AC_US436_QL65_.jpg
data is (40, 40, 3)
Image class  axes
from: axes/31AjDH9RQyL._AC_US436_QL65_.jpg
data is (40, 40, 3)
Image class  axes
from: axes/31ErQ34PXbL._AC_US436_QL65_.jpg
data is (40, 40, 3)
Image class  axes
from: axes/31FQHojVcNL._AC_US436_QL65_.jpg
data is (40, 40, 3)
Image class  axes
from: axes/31N7dyTAbeL._AC_US436_QL65_.jpg
data is (40, 40, 3)
Image class  axes
from: axes/31o9+NeUWhL._AC_US436_QL65_.jpg
data is (40, 40, 3)
Image class  axes
from: axes/31ORx9O12uL._AC_US436_QL65_.jpg
data is (40, 40, 3)
Image class  axes
from: axes/31QCMPD6qqL._AC_US436_QL65_.jpg
data is (40, 40, 3)
Image class  axes
from: axes/31QkW6rPXZL._AC_US436_QL65_.jpg
data is (40, 40, 3)
Image class  axes
from: axes/31uAqgRhqoL._AC_US436_QL65_.jpg
data is (40, 40, 3)
Image class  axes
from: axes/31XWPzBqcvL._AC_US436_QL65_.jpg
data is (40, 40, 3)
Image class  axes
from: axes/41dUrOzCgEL._AC_US436_QL65_.jpg
data is (40, 40, 3)
Image class  axes
from: axes/41wfT+LAG+L._AC_US436_QL65_.jpg
data is (40, 40, 3)
Image class  axes
from: axes/751753.jpeg
data is (40, 40, 3)
Image class  axes
from: axes/767353.jpeg
data is (40, 40, 3)
Image class  axes
from: axes/782956.jpeg
data is (40, 40, 3)
Image class  axes
from: axes/809255.jpeg
data is (40, 40, 3)
Image class  axes
from: axes/809257.jpeg
data is (40, 40, 3)
Image class  axes
from: axes/809326.jpeg
data is (40, 40, 3)
Image class  axes
from: axes/830894.jpeg
data is (40, 40, 3)
Image class  axes
from: axes/850849.jpeg
data is (40, 40, 3)
Image class  axes
from: axes/850853.jpeg
data is (40, 40, 3)
Image class  axes
from: axes/850859.jpeg
data is (40, 40, 3)
Image class  axes
from: axes/882155.jpeg
data is (40, 40, 3)
Image class  axes
from: axes/884200.jpeg
data is (40, 40, 3)
Image class  axes
from: axes/897744.jpeg
data is (40, 40, 3)
Image class  axes
from: axes/898193.jpeg
data is (40, 40, 3)
Image class  axes
from: axes/898743.jpeg
data is (40, 40, 3)
Image class  axes
from: boots/10018755x1036824_zm.jpeg
data is (40, 40, 3)
Image class  boots
from: boots/10025602x1037016_zm.jpeg
data is (40, 40, 3)
Image class  boots
from: boots/10025823x1060557_zm.jpeg
data is (40, 40, 3)
Image class  boots
from: boots/10084984x1012905_zm.jpeg
data is (40, 40, 3)
Image class  boots
from: boots/10101265x1011117_zm.jpeg
data is (40, 40, 3)
Image class  boots
from: boots/10170757x1014040_zm.jpeg
data is (40, 40, 3)
Image class  boots
from: boots/10200679x1011850_zm.jpeg
data is (40, 40, 3)
Image class  boots
from: boots/10200698x1011850_zm.jpeg
data is (40, 40, 3)
Image class  boots
from: boots/10211759x1104651_zm.jpeg
data is (40, 40, 3)
Image class  boots
from: boots/10216475x1043345_zm.jpeg
data is (40, 40, 3)
Image class  boots
from: boots/10219722x1041642_zm.jpeg
data is (40, 40, 3)
Image class  boots
from: boots/10219749x1060653_zm.jpeg
data is (40, 40, 3)
Image class  boots
from: boots/10240274x1036930_zm.jpeg
data is (40, 40, 3)
Image class  boots
from: boots/10240275x1036930_zm.jpeg
data is (40, 40, 3)
Image class  boots
from: boots/10240279x1036930_zm.jpeg
data is (40, 40, 3)
Image class  boots
from: boots/10241341x1036951_zm.jpeg
data is (40, 40, 3)
Image class  boots
from: boots/10241341x1052351_zm.jpeg
data is (40, 40, 3)
Image class  boots
from: boots/10243530x1037016_zm.jpeg
data is (40, 40, 3)
Image class  boots
from: boots/10243572x1043971_zm.jpeg
data is (40, 40, 3)
Image class  boots
from: boots/10255616x1011898_zm.jpeg
data is (40, 40, 3)
Image class  boots
from: boots/10255621x1039826_zm.jpeg
data is (40, 40, 3)
Image class  boots
from: boots/10270446x1103408_zm.jpeg
data is (40, 40, 3)
Image class  boots
from: boots/10270695x1051081_zm.jpeg
data is (40, 40, 3)
Image class  boots
from: boots/10290794x1011441_zm.jpeg
data is (40, 40, 3)
Image class  boots
from: boots/10296921x1118332_zm.jpeg
data is (40, 40, 3)
Image class  boots
from: boots/10300048x1101054_zm.jpeg
data is (40, 40, 3)
Image class  boots
from: boots/10303016x1052599_zm.jpeg
data is (40, 40, 3)
Image class  boots
from: boots/10304046x1122871_zm.jpeg
data is (40, 40, 3)
Image class  boots
from: boots/10304622x1123061_zm.jpeg
data is (40, 40, 3)
Image class  boots
from: boots/10305295x1039826_zm.jpeg
data is (40, 40, 3)
Image class  boots
from: boots/10305296x1039826_zm.jpeg
data is (40, 40, 3)
Image class  boots
from: boots/10306541x1013052_zm.jpeg
data is (40, 40, 3)
Image class  boots
from: boots/10323078x1042840_zm.jpeg
data is (40, 40, 3)
Image class  boots
from: boots/10323079x1040337_zm.jpeg
data is (40, 40, 3)
Image class  boots
from: boots/10323515x1012905_zm.jpeg
data is (40, 40, 3)
Image class  boots
from: boots/10326416x1013041_zm.jpeg
data is (40, 40, 3)
Image class  boots
from: boots/10326417x1012905_zm.jpeg
data is (40, 40, 3)
Image class  boots
from: boots/10331425x1011760_zm.jpeg
data is (40, 40, 3)
Image class  boots
from: boots/10331427x1141592_zm.jpeg
data is (40, 40, 3)
Image class  boots
from: boots/10331428x1012948_zm.jpeg
data is (40, 40, 3)
Image class  boots
from: boots/10334266x1143977_zm.jpeg
data is (40, 40, 3)
Image class  boots
from: boots/10334401x1144029_zm.jpeg
data is (40, 40, 3)
Image class  boots
from: boots/10334412x1087698_zm.jpeg
data is (40, 40, 3)
Image class  boots
from: boots/10334413x1144029_zm.jpeg
data is (40, 40, 3)
Image class  boots
from: boots/10334414x1144030_zm.jpeg
data is (40, 40, 3)
Image class  boots
from: boots/10345908x1010938_zm.jpeg
data is (40, 40, 3)
Image class  boots
from: boots/10345928x1037092_zm.jpeg
data is (40, 40, 3)
Image class  boots
from: boots/10345929x1037092_zm.jpeg
data is (40, 40, 3)
Image class  boots
from: boots/10345941x1010913_zm.jpeg
data is (40, 40, 3)
Image class  boots
from: boots/10345947x1013041_zm.jpeg
data is (40, 40, 3)
Image class  boots
from: boots/10345977x1037092_zm.jpeg
data is (40, 40, 3)
Image class  boots
from: boots/105262.jpeg
data is (40, 40, 3)
Image class  boots
from: boots/113101.jpeg
data is (40, 40, 3)
Image class  boots
from: boots/113106.jpeg
data is (40, 40, 3)
Image class  boots
from: boots/113107.jpeg
data is (40, 40, 3)
Image class  boots
from: boots/113122.jpeg
data is (40, 40, 3)
Image class  boots
from: boots/113526.jpeg
data is (40, 40, 3)
Image class  boots
from: boots/113528.jpeg
data is (40, 40, 3)
Image class  boots
from: boots/41edw+BCUjL._AC_US436_QL65_.jpg
data is (40, 40, 3)
Image class  boots
from: boots/41g8AEsxLvL._AC_US436_QL65_.jpg
data is (40, 40, 3)
Image class  boots
from: boots/41KnC3aFGUL._AC_US436_QL65_.jpg
data is (40, 40, 3)
Image class  boots
from: boots/41pNuZSfz+L._AC_US436_QL65_.jpg
data is (40, 40, 3)
Image class  boots
from: boots/41PwYvq6hGL._AC_US436_QL65_.jpg
data is (40, 40, 3)
Image class  boots
from: boots/41xDIHr+AeL._AC_US436_QL65_.jpg
data is (40, 40, 3)
Image class  boots
from: boots/51+nIOMqb8L._AC_US436_QL65_.jpg
data is (40, 40, 3)
Image class  boots
from: boots/51+sBEj9KQL._AC_US436_QL65_.jpg
data is (40, 40, 3)
Image class  boots
from: boots/512h+0ULvzL._AC_US436_QL65_.jpg
data is (40, 40, 3)
Image class  boots
from: boots/515b5yc46SL._AC_US436_QL65_.jpg
data is (40, 40, 3)
Image class  boots
from: boots/516q5-A0wJL._AC_US436_QL65_.jpg
data is (40, 40, 3)
Image class  boots
from: boots/517uO6dTZwL._AC_US436_QL65_.jpg
data is (40, 40, 3)
Image class  boots
from: boots/51AgGxRzlxL._AC_US436_QL65_.jpg
data is (40, 40, 3)
Image class  boots
from: boots/51b3fV1+VnL._AC_US436_QL65_.jpg
data is (40, 40, 3)
Image class  boots
from: boots/51Bmk2vA-1L._AC_US436_QL65_.jpg
data is (40, 40, 3)
Image class  boots
from: boots/51DbnWtlxIL._AC_US436_QL65_.jpg
data is (40, 40, 3)
Image class  boots
from: boots/51dy1tmscGL._AC_US436_QL65_.jpg
data is (40, 40, 3)
Image class  boots
from: boots/51fxSrdRH3L._AC_US436_QL65_.jpg
data is (40, 40, 3)
Image class  boots
from: boots/51fzUBASxyL._AC_US436_QL65_.jpg
data is (40, 40, 3)
Image class  boots
from: boots/51hAX8xT6bL._AC_US436_QL65_.jpg
data is (40, 40, 3)
Image class  boots
from: boots/51hgB3uDubL._AC_US436_QL65_.jpg
data is (40, 40, 3)
Image class  boots
from: boots/51HtbaNyWrL._AC_US436_QL65_.jpg
data is (40, 40, 3)
Image class  boots
from: boots/51ibQtw+VfL._AC_US436_QL65_.jpg
data is (40, 40, 3)
Image class  boots
from: carabiners/10007284x1065726_zm.jpeg
data is (40, 40, 3)
Image class  carabiners
from: carabiners/10007285x1065726_zm.jpeg
data is (40, 40, 3)
Image class  carabiners
from: carabiners/10011087x1013367_zm.jpeg
data is (40, 40, 3)
Image class  carabiners
from: carabiners/10019159x1036971_zm.jpeg
data is (40, 40, 3)
Image class  carabiners
from: carabiners/10019160x1036971_zm.jpeg
data is (40, 40, 3)
Image class  carabiners
from: carabiners/10019161x1036971_zm.jpeg
data is (40, 40, 3)
Image class  carabiners
from: carabiners/10019208_zm.jpeg
data is (40, 40, 3)
Image class  carabiners
from: carabiners/10019209_zm.jpeg
data is (40, 40, 3)
Image class  carabiners
from: carabiners/10019210x1014941_zm.jpeg
data is (40, 40, 3)
Image class  carabiners
from: carabiners/10019223_zm.jpeg
data is (40, 40, 3)
Image class  carabiners
from: carabiners/10019224_zm.jpeg
data is (40, 40, 3)
Image class  carabiners
from: carabiners/10019231_zm (2).jpeg
data is (40, 40, 3)
Image class  carabiners
from: carabiners/10019231_zm.jpeg
data is (40, 40, 3)
Image class  carabiners
from: carabiners/10019232_zm.jpeg
data is (40, 40, 3)
Image class  carabiners
from: carabiners/100205.jpeg
data is (40, 40, 3)
Image class  carabiners
from: carabiners/100207.jpeg
data is (40, 40, 3)
Image class  carabiners
from: carabiners/100208.jpeg
data is (40, 40, 3)
Image class  carabiners
from: carabiners/100231.jpeg
data is (40, 40, 3)
Image class  carabiners
from: carabiners/10044113x1010913_zm.jpeg
data is (40, 40, 3)
Image class  carabiners
from: carabiners/10044113x1012338_zm.jpeg
data is (40, 40, 3)
Image class  carabiners
from: carabiners/10080850x1149501_zm.jpeg
data is (40, 40, 3)
Image class  carabiners
from: carabiners/10080851x1149501_zm.jpeg
data is (40, 40, 3)
Image class  carabiners
from: carabiners/10080854x1046934_zm.jpeg
data is (40, 40, 3)
Image class  carabiners
from: carabiners/10085897x1010938_zm.jpeg
data is (40, 40, 3)
Image class  carabiners
from: carabiners/10085899x1012905_zm.jpeg
data is (40, 40, 3)
Image class  carabiners
from: carabiners/10085902x1011898_zm.jpeg
data is (40, 40, 3)
Image class  carabiners
from: carabiners/10085903x1012549_zm.jpeg
data is (40, 40, 3)
Image class  carabiners
from: carabiners/10090684x1010913_zm.jpeg
data is (40, 40, 3)
Image class  carabiners
from: carabiners/10094158x1024698_zm.jpeg
data is (40, 40, 3)
Image class  carabiners
from: carabiners/10094159x1024698_zm.jpeg
data is (40, 40, 3)
Image class  carabiners
from: carabiners/10094191x1013039_zm.jpeg
data is (40, 40, 3)
Image class  carabiners
from: carabiners/10094266x1012549_zm.jpeg
data is (40, 40, 3)
Image class  carabiners
from: carabiners/10110498x1050047_zm.jpeg
data is (40, 40, 3)
Image class  carabiners
from: carabiners/10110581x1050047_zm.jpeg
data is (40, 40, 3)
Image class  carabiners
from: carabiners/10110590x1010913_zm.jpeg
data is (40, 40, 3)
Image class  carabiners
from: carabiners/10110590x1010938_zm.jpeg
data is (40, 40, 3)
Image class  carabiners
from: carabiners/10110590x1012204_zm.jpeg
data is (40, 40, 3)
Image class  carabiners
from: carabiners/10110590x1012549_zm.jpeg
data is (40, 40, 3)
Image class  carabiners
from: carabiners/10110590x1013005_zm.jpeg
data is (40, 40, 3)
Image class  carabiners
from: carabiners/10118808x1012549_zm.jpeg
data is (40, 40, 3)
Image class  carabiners
from: carabiners/10210811x1012905_zm.jpeg
data is (40, 40, 3)
Image class  carabiners
from: carabiners/10213622x1012905_zm.jpeg
data is (40, 40, 3)
Image class  carabiners
from: carabiners/10216110_zm.jpeg
data is (40, 40, 3)
Image class  carabiners
from: carabiners/10216113_zm.jpeg
data is (40, 40, 3)
Image class  carabiners
from: carabiners/10234820x1010938_zm.jpeg
data is (40, 40, 3)
Image class  carabiners
from: carabiners/10239732x1145854_zm.jpeg
data is (40, 40, 3)
Image class  carabiners
from: carabiners/10239736x1145844_zm.jpeg
data is (40, 40, 3)
Image class  carabiners
from: carabiners/10239738x1145857_zm.jpeg
data is (40, 40, 3)
Image class  carabiners
from: carabiners/10239815x1011898_zm.jpeg
data is (40, 40, 3)
Image class  carabiners
from: carabiners/10239816x1012163_zm.jpeg
data is (40, 40, 3)
Image class  carabiners
from: carabiners/10239817x1012163_zm.jpeg
data is (40, 40, 3)
Image class  carabiners
from: carabiners/10239818x1011898_zm.jpeg
data is (40, 40, 3)
Image class  carabiners
from: carabiners/10244331x1012549_zm.jpeg
data is (40, 40, 3)
Image class  carabiners
from: carabiners/10253721_zm.jpeg
data is (40, 40, 3)
Image class  carabiners
from: carabiners/10260955x1012905_zm.jpeg
data is (40, 40, 3)
Image class  carabiners
from: carabiners/10273537x1011114_zm.jpeg
data is (40, 40, 3)
Image class  carabiners
from: carabiners/10273541_zm.jpeg
data is (40, 40, 3)
Image class  carabiners
from: carabiners/10273549_zm.jpeg
data is (40, 40, 3)
Image class  carabiners
from: carabiners/10273567x1043448_zm.jpeg
data is (40, 40, 3)
Image class  carabiners
from: carabiners/10273567x1168416_zm.jpeg
data is (40, 40, 3)
Image class  carabiners
from: carabiners/10273592x1036829_zm.jpeg
data is (40, 40, 3)
Image class  carabiners
from: carabiners/10273597x1048047_zm.jpeg
data is (40, 40, 3)
Image class  carabiners
from: carabiners/10273598x1048047_zm.jpeg
data is (40, 40, 3)
Image class  carabiners
from: carabiners/10280281x1107714_zm.jpeg
data is (40, 40, 3)
Image class  carabiners
from: carabiners/10280282x1107714_zm.jpeg
data is (40, 40, 3)
Image class  carabiners
from: carabiners/10280282x1125091_zm.jpeg
data is (40, 40, 3)
Image class  carabiners
from: carabiners/10280293x1107720_zm.jpeg
data is (40, 40, 3)
Image class  carabiners
from: carabiners/10285419x1052508_zm.jpeg
data is (40, 40, 3)
Image class  carabiners
from: carabiners/10285425x1124706_zm.jpeg
data is (40, 40, 3)
Image class  carabiners
from: carabiners/10286251x1012905_zm.jpeg
data is (40, 40, 3)
Image class  carabiners
from: carabiners/10290841x1010913_zm.jpeg
data is (40, 40, 3)
Image class  carabiners
from: carabiners/10290841x1010938_zm.jpeg
data is (40, 40, 3)
Image class  carabiners
from: carabiners/10290841x1011898_zm.jpeg
data is (40, 40, 3)
Image class  carabiners
from: carabiners/10290841x1012549_zm.jpeg
data is (40, 40, 3)
Image class  carabiners
from: carabiners/10290841x1012905_zm.jpeg
data is (40, 40, 3)
Image class  carabiners
from: carabiners/10290909x1010913_zm.jpeg
data is (40, 40, 3)
Image class  carabiners
from: carabiners/10290909x1011898_zm.jpeg
data is (40, 40, 3)
Image class  carabiners
from: carabiners/10290909x1012163_zm.jpeg
data is (40, 40, 3)
Image class  carabiners
from: carabiners/10290909x1012549_zm.jpeg
data is (40, 40, 3)
Image class  carabiners
from: carabiners/10290909x1012905_zm.jpeg
data is (40, 40, 3)
Image class  carabiners
from: carabiners/10293415x1061584_zm.jpeg
data is (40, 40, 3)
Image class  carabiners
from: crampons/100169.jpeg
data is (40, 40, 3)
Image class  crampons
from: crampons/100202.jpeg
data is (40, 40, 3)
Image class  crampons
from: crampons/10045723x1010913_zm.jpeg
data is (40, 40, 3)
Image class  crampons
from: crampons/100501.jpeg
data is (40, 40, 3)
Image class  crampons
from: crampons/100502.jpeg
data is (40, 40, 3)
Image class  crampons
from: crampons/100503.jpeg
data is (40, 40, 3)
Image class  crampons
from: crampons/10085742x1010913_zm.jpeg
data is (40, 40, 3)
Image class  crampons
from: crampons/10085743x1010913_zm.jpeg
data is (40, 40, 3)
Image class  crampons
from: crampons/10090547x1024698_zm.jpeg
data is (40, 40, 3)
Image class  crampons
from: crampons/10090550x1024698_zm.jpeg
data is (40, 40, 3)
Image class  crampons
from: crampons/10093332x1024698_zm.jpeg
data is (40, 40, 3)
Image class  crampons
from: crampons/10094150x1012163_zm.jpeg
data is (40, 40, 3)
Image class  crampons
from: crampons/10101040x1049516_zm.jpeg
data is (40, 40, 3)
Image class  crampons
from: crampons/10101041x1049516_zm.jpeg
data is (40, 40, 3)
Image class  crampons
from: crampons/101146.jpeg
data is (40, 40, 3)
Image class  crampons
from: crampons/10178412x1024698_zm.jpeg
data is (40, 40, 3)
Image class  crampons
from: crampons/10187938x1024698_zm.jpeg
data is (40, 40, 3)
Image class  crampons
from: crampons/10214992x1045079_zm.jpeg
data is (40, 40, 3)
Image class  crampons
from: crampons/10214993x1015980_zm.jpeg
data is (40, 40, 3)
Image class  crampons
from: crampons/10214994x1003635_zm.jpeg
data is (40, 40, 3)
Image class  crampons
from: crampons/10215214x1003635_zm.jpeg
data is (40, 40, 3)
Image class  crampons
from: crampons/10215216x1003635_zm.jpeg
data is (40, 40, 3)
Image class  crampons
from: crampons/10215217x1049398_zm.jpeg
data is (40, 40, 3)
Image class  crampons
from: crampons/10215222x1003635_zm.jpeg
data is (40, 40, 3)
Image class  crampons
from: crampons/10215224x1003635_zm.jpeg
data is (40, 40, 3)
Image class  crampons
from: crampons/10215227_zm.jpeg
data is (40, 40, 3)
Image class  crampons
from: crampons/10215231x1075126_zm.jpeg
data is (40, 40, 3)
Image class  crampons
from: crampons/10215252_zm.jpeg
data is (40, 40, 3)
Image class  crampons
from: crampons/10227824x1011898_zm.jpeg
data is (40, 40, 3)
Image class  crampons
from: crampons/10260950x1012163_zm.jpeg
data is (40, 40, 3)
Image class  crampons
from: crampons/10260952x1011898_zm.jpeg
data is (40, 40, 3)
Image class  crampons
from: crampons/10260967_zm.jpeg
data is (40, 40, 3)
Image class  crampons
from: crampons/10260977x1012549_zm.jpeg
data is (40, 40, 3)
Image class  crampons
from: crampons/10260978x1012549_zm.jpeg
data is (40, 40, 3)
Image class  crampons
from: crampons/10269463x1013039_zm.jpeg
data is (40, 40, 3)
Image class  crampons
from: crampons/10285550x1024698_zm.jpeg
data is (40, 40, 3)
Image class  crampons
from: crampons/10285551x1024698_zm.jpeg
data is (40, 40, 3)
Image class  crampons
from: crampons/10285552x1024698_zm.jpeg
data is (40, 40, 3)
Image class  crampons
from: crampons/10285553x1024698_zm.jpeg
data is (40, 40, 3)
Image class  crampons
from: crampons/10285554x1024698_zm.jpeg
data is (40, 40, 3)
Image class  crampons
from: crampons/10285555x1024698_zm.jpeg
data is (40, 40, 3)
Image class  crampons
from: crampons/10290996x1013729_zm.jpeg
data is (40, 40, 3)
Image class  crampons
from: crampons/10311148_zm.jpeg
data is (40, 40, 3)
Image class  crampons
from: crampons/10311149_zm.jpeg
data is (40, 40, 3)
Image class  crampons
from: crampons/10311153_zm.jpeg
data is (40, 40, 3)
Image class  crampons
from: crampons/10311159_zm.jpeg
data is (40, 40, 3)
Image class  crampons
from: crampons/10311166_zm.jpeg
data is (40, 40, 3)
Image class  crampons
from: crampons/10311167_zm.jpeg
data is (40, 40, 3)
Image class  crampons
from: crampons/10321060_zm.jpeg
data is (40, 40, 3)
Image class  crampons
from: crampons/10321062_zm.jpeg
data is (40, 40, 3)
Image class  crampons
from: crampons/10321063_zm.jpeg
data is (40, 40, 3)
Image class  crampons
from: crampons/10373810_zm.jpeg
data is (40, 40, 3)
Image class  crampons
from: crampons/10373997_zm.jpeg
data is (40, 40, 3)
Image class  crampons
from: crampons/10373998_zm.jpeg
data is (40, 40, 3)
Image class  crampons
from: crampons/10373999_zm.jpeg
data is (40, 40, 3)
Image class  crampons
from: crampons/106411.jpeg
data is (40, 40, 3)
Image class  crampons
from: crampons/1214235_000_main.png
data is (40, 40, 3)
Image class  crampons
from: crampons/123894.jpeg
data is (40, 40, 3)
Image class  crampons
from: crampons/1312844_000_main.jpg
data is (40, 40, 3)
Image class  crampons
from: crampons/1312845_000_main.jpg
data is (40, 40, 3)
Image class  crampons
from: crampons/1312846_000_main.jpg
data is (40, 40, 3)
Image class  crampons
from: crampons/1312847_000_main.jpg
data is (40, 40, 3)
Image class  crampons
from: crampons/1312848_000_main.jpg
data is (40, 40, 3)
Image class  crampons
from: crampons/1312849_000_main.jpg
data is (40, 40, 3)
Image class  crampons
from: crampons/1312850_000_main.jpg
data is (40, 40, 3)
Image class  crampons
from: crampons/1312852_000_main.jpg
data is (40, 40, 3)
Image class  crampons
from: crampons/2022017_004_main.jpg
data is (40, 40, 3)
Image class  crampons
from: crampons/2022019_001_main.jpg
data is (40, 40, 3)
Image class  crampons
from: crampons/2022020_001_main.jpg
data is (40, 40, 3)
Image class  crampons
from: crampons/2022023_701_main.jpg
data is (40, 40, 3)
Image class  crampons
from: crampons/2022025_701_main.jpg
data is (40, 40, 3)
Image class  crampons
from: crampons/2022027_701_main.jpg
data is (40, 40, 3)
Image class  crampons
from: crampons/2022028_701_main.jpg
data is (40, 40, 3)
Image class  crampons
from: crampons/2022033_701_main.jpg
data is (40, 40, 3)
Image class  crampons
from: crampons/31IIX1fbRVL._AC_US436_QL65_.jpg
data is (40, 40, 3)
Image class  crampons
from: crampons/41+RTLYoQ5L._AC_US436_QL65_.jpg
data is (40, 40, 3)
Image class  crampons
from: crampons/410B2-Yr-zL._AC_US436_QL65_.jpg
data is (40, 40, 3)
Image class  crampons
from: crampons/412N335RtzL._AC_US436_QL65_.jpg
data is (40, 40, 3)
Image class  crampons
from: crampons/413wCaMkBLL._AC_US436_QL65_.jpg
data is (40, 40, 3)
Image class  crampons
from: crampons/419bkVWfdtL._AC_US436_QL65_.jpg
data is (40, 40, 3)
Image class  crampons
from: crampons/41A4WCSVXRL._AC_US436_QL65_.jpg
data is (40, 40, 3)
Image class  crampons
from: gloves/10020529x1000273_zm.jpeg
data is (40, 40, 3)
Image class  gloves
from: gloves/10020529x1012905_zm.jpeg
data is (40, 40, 3)
Image class  gloves
from: gloves/10088039x1012905_zm.jpeg
data is (40, 40, 3)
Image class  gloves
from: gloves/10088039x1078397_zm.jpeg
data is (40, 40, 3)
Image class  gloves
from: gloves/10166085x1012905_zm.jpeg
data is (40, 40, 3)
Image class  gloves
from: gloves/10166085x1013852_zm.jpeg
data is (40, 40, 3)
Image class  gloves
from: gloves/10166085x1039603_zm.jpeg
data is (40, 40, 3)
Image class  gloves
from: gloves/10192190x1012525_zm.jpeg
data is (40, 40, 3)
Image class  gloves
from: gloves/10208335x1014040_zm.jpeg
data is (40, 40, 3)
Image class  gloves
from: gloves/10223889x1063961_zm.jpeg
data is (40, 40, 3)
Image class  gloves
from: gloves/10223891x1063961_zm.jpeg
data is (40, 40, 3)
Image class  gloves
from: gloves/10223894x1016653_zm.jpeg
data is (40, 40, 3)
Image class  gloves
from: gloves/10223894x1037207_zm.jpeg
data is (40, 40, 3)
Image class  gloves
from: gloves/10223895x1037207_zm.jpeg
data is (40, 40, 3)
Image class  gloves
from: gloves/10223895x1078396_zm.jpeg
data is (40, 40, 3)
Image class  gloves
from: gloves/10224836x1012905_zm.jpeg
data is (40, 40, 3)
Image class  gloves
from: gloves/10230858x1012379_zm.jpeg
data is (40, 40, 3)
Image class  gloves
from: gloves/10230858x1029166_zm.jpeg
data is (40, 40, 3)
Image class  gloves
from: gloves/10230858x1036924_zm.jpeg
data is (40, 40, 3)
Image class  gloves
from: gloves/10230859x1036924_zm.jpeg
data is (40, 40, 3)
Image class  gloves
from: gloves/10230869x1012905_zm.jpeg
data is (40, 40, 3)
Image class  gloves
from: gloves/10230869x1016169_zm.jpeg
data is (40, 40, 3)
Image class  gloves
from: gloves/10230870x1012338_zm.jpeg
data is (40, 40, 3)
Image class  gloves
from: gloves/10230876x1083082_zm.jpeg
data is (40, 40, 3)
Image class  gloves
from: gloves/10230884x1062486_zm.jpeg
data is (40, 40, 3)
Image class  gloves
from: gloves/10230884x1078391_zm.jpeg
data is (40, 40, 3)
Image class  gloves
from: gloves/10234699x1012138_zm.jpeg
data is (40, 40, 3)
Image class  gloves
from: gloves/10251464x1038817_zm.jpeg
data is (40, 40, 3)
Image class  gloves
from: gloves/10252480x1012905_zm.jpeg
data is (40, 40, 3)
Image class  gloves
from: gloves/10252511x1012905_zm.jpeg
data is (40, 40, 3)
Image class  gloves
from: gloves/10254281x1012905_zm.jpeg
data is (40, 40, 3)
Image class  gloves
from: gloves/10254282x1012905_zm.jpeg
data is (40, 40, 3)
Image class  gloves
from: gloves/10254300x1012905_zm.jpeg
data is (40, 40, 3)
Image class  gloves
from: gloves/10254300x1078442_zm.jpeg
data is (40, 40, 3)
Image class  gloves
from: gloves/10254344x1012905_zm.jpeg
data is (40, 40, 3)
Image class  gloves
from: gloves/10254686x1012905_zm.jpeg
data is (40, 40, 3)
Image class  gloves
from: gloves/10254686x1013433_zm.jpeg
data is (40, 40, 3)
Image class  gloves
from: gloves/10254687x1036924_zm.jpeg
data is (40, 40, 3)
Image class  gloves
from: gloves/10258920x1012905_zm.jpeg
data is (40, 40, 3)
Image class  gloves
from: gloves/10258931x1012905_zm.jpeg
data is (40, 40, 3)
Image class  gloves
from: gloves/10258949x1012905_zm.jpeg
data is (40, 40, 3)
Image class  gloves
from: gloves/10258959x1012204_zm.jpeg
data is (40, 40, 3)
Image class  gloves
from: gloves/10258961x1012905_zm.jpeg
data is (40, 40, 3)
Image class  gloves
from: gloves/10264438x1016169_zm.jpeg
data is (40, 40, 3)
Image class  gloves
from: gloves/10271704x1013861_zm.jpeg
data is (40, 40, 3)
Image class  gloves
from: gloves/10281271x1012905_zm.jpeg
data is (40, 40, 3)
Image class  gloves
from: gloves/10282841x1012905_zm.jpeg
data is (40, 40, 3)
Image class  gloves
from: gloves/10282924x1012905_zm.jpeg
data is (40, 40, 3)
Image class  gloves
from: gloves/10282925x1012905_zm.jpeg
data is (40, 40, 3)
Image class  gloves
from: gloves/10285452x1006424_zm.jpeg
data is (40, 40, 3)
Image class  gloves
from: gloves/10285452x1012905_zm.jpeg
data is (40, 40, 3)
Image class  gloves
from: gloves/10285473x1012905_zm.jpeg
data is (40, 40, 3)
Image class  gloves
from: gloves/10285473x1014040_zm.jpeg
data is (40, 40, 3)
Image class  gloves
from: gloves/10285496x1012905_zm.jpeg
data is (40, 40, 3)
Image class  gloves
from: gloves/10285496x1014040_zm.jpeg
data is (40, 40, 3)
Image class  gloves
from: gloves/10285497x1012905_zm.jpeg
data is (40, 40, 3)
Image class  gloves
from: gloves/10285497x1014040_zm.jpeg
data is (40, 40, 3)
Image class  gloves
from: gloves/10285528x1014040_zm.jpeg
data is (40, 40, 3)
Image class  gloves
from: gloves/10285557x1010868_zm.jpeg
data is (40, 40, 3)
Image class  gloves
from: gloves/10288850x1037092_zm.jpeg
data is (40, 40, 3)
Image class  gloves
from: gloves/10290774x1012905_zm.jpeg
data is (40, 40, 3)
Image class  gloves
from: gloves/10313303x1012905_zm.jpeg
data is (40, 40, 3)
Image class  gloves
from: gloves/10313338x1012905_zm.jpeg
data is (40, 40, 3)
Image class  gloves
from: gloves/10315543x1050984_zm.jpeg
data is (40, 40, 3)
Image class  gloves
from: gloves/10315543x1130062_zm.jpeg
data is (40, 40, 3)
Image class  gloves
from: gloves/10315544x1125952_zm.jpeg
data is (40, 40, 3)
Image class  gloves
from: gloves/10315544x1130062_zm.jpeg
data is (40, 40, 3)
Image class  gloves
from: gloves/10315741x1011341_zm.jpeg
data is (40, 40, 3)
Image class  gloves
from: gloves/10315767x1012905_zm.jpeg
data is (40, 40, 3)
Image class  gloves
from: gloves/10317498x1012748_zm.jpeg
data is (40, 40, 3)
Image class  gloves
from: gloves/10317498x1012905_zm.jpeg
data is (40, 40, 3)
Image class  gloves
from: gloves/10317552x1012905_zm.jpeg
data is (40, 40, 3)
Image class  gloves
from: gloves/10317553x1012905_zm.jpeg
data is (40, 40, 3)
Image class  gloves
from: gloves/10317556x1012905_zm.jpeg
data is (40, 40, 3)
Image class  gloves
from: gloves/10317622x1012905_zm.jpeg
data is (40, 40, 3)
Image class  gloves
from: gloves/10317666x1012905_zm.jpeg
data is (40, 40, 3)
Image class  gloves
from: gloves/10327097x1012905_zm.jpeg
data is (40, 40, 3)
Image class  gloves
from: gloves/10342584x1013433_zm.jpeg
data is (40, 40, 3)
Image class  gloves
from: gloves/10344057x1050984_zm.jpeg
data is (40, 40, 3)
Image class  gloves
from: gloves/10344057x1091715_zm.jpeg
data is (40, 40, 3)
Image class  gloves
from: gloves/10344057x1149992_zm.jpeg
data is (40, 40, 3)
Image class  gloves
from: hardshell_jackets/10116634x1038116_zm.jpeg
data is (40, 40, 3)
Image class  hardshell_jackets
from: hardshell_jackets/10116634x1068361_zm.jpeg
data is (40, 40, 3)
Image class  hardshell_jackets
from: hardshell_jackets/10116634x1072858_zm.jpeg
data is (40, 40, 3)
Image class  hardshell_jackets
from: hardshell_jackets/101634.jpeg
data is (40, 40, 3)
Image class  hardshell_jackets
from: hardshell_jackets/10184183x1012360_zm.jpeg
data is (40, 40, 3)
Image class  hardshell_jackets
from: hardshell_jackets/10184183x1012905_zm.jpeg
data is (40, 40, 3)
Image class  hardshell_jackets
from: hardshell_jackets/10184183x1068533_zm.jpeg
data is (40, 40, 3)
Image class  hardshell_jackets
from: hardshell_jackets/10184183x1140536_zm.jpeg
data is (40, 40, 3)
Image class  hardshell_jackets
from: hardshell_jackets/10184183x1140544_zm.jpeg
data is (40, 40, 3)
Image class  hardshell_jackets
from: hardshell_jackets/10184184x1035919_zm.jpeg
data is (40, 40, 3)
Image class  hardshell_jackets
from: hardshell_jackets/10184184x1036924_zm.jpeg
data is (40, 40, 3)
Image class  hardshell_jackets
from: hardshell_jackets/10184184x1061637_zm.jpeg
data is (40, 40, 3)
Image class  hardshell_jackets
from: hardshell_jackets/10184184x1120173_zm.jpeg
data is (40, 40, 3)
Image class  hardshell_jackets
from: hardshell_jackets/10184184x1140528_zm.jpeg
data is (40, 40, 3)
Image class  hardshell_jackets
from: hardshell_jackets/10184925x1012371_zm.jpeg
data is (40, 40, 3)
Image class  hardshell_jackets
from: hardshell_jackets/10184925x1012905_zm.jpeg
data is (40, 40, 3)
Image class  hardshell_jackets
from: hardshell_jackets/10184925x1094142_zm.jpeg
data is (40, 40, 3)
Image class  hardshell_jackets
from: hardshell_jackets/10184925x1107866_zm.jpeg
data is (40, 40, 3)
Image class  hardshell_jackets
from: hardshell_jackets/10185324x1011341_zm.jpeg
data is (40, 40, 3)
Image class  hardshell_jackets
from: hardshell_jackets/10185324x1013303_zm.jpeg
data is (40, 40, 3)
Image class  hardshell_jackets
from: hardshell_jackets/10185324x1016653_zm.jpeg
data is (40, 40, 3)
Image class  hardshell_jackets
from: hardshell_jackets/10185324x1060609_zm.jpeg
data is (40, 40, 3)
Image class  hardshell_jackets
from: hardshell_jackets/10185324x1130335_zm.jpeg
data is (40, 40, 3)
Image class  hardshell_jackets
from: hardshell_jackets/10185325x1011131_zm.jpeg
data is (40, 40, 3)
Image class  hardshell_jackets
from: hardshell_jackets/10185325x1011341_zm.jpeg
data is (40, 40, 3)
Image class  hardshell_jackets
from: hardshell_jackets/10185325x1051972_zm.jpeg
data is (40, 40, 3)
Image class  hardshell_jackets
from: hardshell_jackets/10185325x1094992_zm.jpeg
data is (40, 40, 3)
Image class  hardshell_jackets
from: hardshell_jackets/10185325x1113773_zm.jpeg
data is (40, 40, 3)
Image class  hardshell_jackets
from: hardshell_jackets/102018.jpeg
data is (40, 40, 3)
Image class  hardshell_jackets
from: hardshell_jackets/10207377x1012295_zm.jpeg
data is (40, 40, 3)
Image class  hardshell_jackets
from: hardshell_jackets/10207377x1012905_zm.jpeg
data is (40, 40, 3)
Image class  hardshell_jackets
from: hardshell_jackets/10207377x1013311_zm.jpeg
data is (40, 40, 3)
Image class  hardshell_jackets
from: hardshell_jackets/10207377x1037244_zm.jpeg
data is (40, 40, 3)
Image class  hardshell_jackets
from: hardshell_jackets/10207377x1130332_zm.jpeg
data is (40, 40, 3)
Image class  hardshell_jackets
from: hardshell_jackets/10207449x1011204_zm.jpeg
data is (40, 40, 3)
Image class  hardshell_jackets
from: hardshell_jackets/10207449x1012905_zm.jpeg
data is (40, 40, 3)
Image class  hardshell_jackets
from: hardshell_jackets/10207449x1013997_zm.jpeg
data is (40, 40, 3)
Image class  hardshell_jackets
from: hardshell_jackets/10207449x1050283_zm.jpeg
data is (40, 40, 3)
Image class  hardshell_jackets
from: hardshell_jackets/10207449x1078442_zm.jpeg
data is (40, 40, 3)
Image class  hardshell_jackets
from: hardshell_jackets/10214105x1012870_zm.jpeg
data is (40, 40, 3)
Image class  hardshell_jackets
from: hardshell_jackets/10214105x1012905_zm.jpeg
data is (40, 40, 3)
Image class  hardshell_jackets
from: hardshell_jackets/10214105x1013039_zm.jpeg
data is (40, 40, 3)
Image class  hardshell_jackets
from: hardshell_jackets/10214105x1048213_zm.jpeg
data is (40, 40, 3)
Image class  hardshell_jackets
from: hardshell_jackets/10214106x1010868_zm.jpeg
data is (40, 40, 3)
Image class  hardshell_jackets
from: hardshell_jackets/10214106x1012234_zm.jpeg
data is (40, 40, 3)
Image class  hardshell_jackets
from: hardshell_jackets/10214106x1012905_zm.jpeg
data is (40, 40, 3)
Image class  hardshell_jackets
from: hardshell_jackets/10214106x1037134_zm.jpeg
data is (40, 40, 3)
Image class  hardshell_jackets
from: hardshell_jackets/10214106x1152818_zm.jpeg
data is (40, 40, 3)
Image class  hardshell_jackets
from: hardshell_jackets/10217842x1036924_zm.jpeg
data is (40, 40, 3)
Image class  hardshell_jackets
from: hardshell_jackets/10217842x1043293_zm.jpeg
data is (40, 40, 3)
Image class  hardshell_jackets
from: hardshell_jackets/10217842x1075992_zm.jpeg
data is (40, 40, 3)
Image class  hardshell_jackets
from: hardshell_jackets/10217842x1095790_zm.jpeg
data is (40, 40, 3)
Image class  hardshell_jackets
from: hardshell_jackets/10220010x1012905_zm.jpeg
data is (40, 40, 3)
Image class  hardshell_jackets
from: hardshell_jackets/10220010x1043346_zm.jpeg
data is (40, 40, 3)
Image class  hardshell_jackets
from: hardshell_jackets/10220010x1100878_zm.jpeg
data is (40, 40, 3)
Image class  hardshell_jackets
from: hardshell_jackets/10220010x1140544_zm.jpeg
data is (40, 40, 3)
Image class  hardshell_jackets
from: hardshell_jackets/10220010x1149099_zm.jpeg
data is (40, 40, 3)
Image class  hardshell_jackets
from: hardshell_jackets/10220015x1012959_zm.jpeg
data is (40, 40, 3)
Image class  hardshell_jackets
from: hardshell_jackets/10220015x1107525_zm.jpeg
data is (40, 40, 3)
Image class  hardshell_jackets
from: hardshell_jackets/10220015x1128779_zm.jpeg
data is (40, 40, 3)
Image class  hardshell_jackets
from: hardshell_jackets/10220099x1012905_zm.jpeg
data is (40, 40, 3)
Image class  hardshell_jackets
from: hardshell_jackets/10220099x1016367_zm.jpeg
data is (40, 40, 3)
Image class  hardshell_jackets
from: hardshell_jackets/10220099x1043346_zm.jpeg
data is (40, 40, 3)
Image class  hardshell_jackets
from: hardshell_jackets/10226541x1012905_zm.jpeg
data is (40, 40, 3)
Image class  hardshell_jackets
from: hardshell_jackets/10226541x1036954_zm.jpeg
data is (40, 40, 3)
Image class  hardshell_jackets
from: hardshell_jackets/10237213x1011463_zm.jpeg
data is (40, 40, 3)
Image class  hardshell_jackets
from: hardshell_jackets/10237213x1012905_zm.jpeg
data is (40, 40, 3)
Image class  hardshell_jackets
from: hardshell_jackets/10237213x1107866_zm.jpeg
data is (40, 40, 3)
Image class  hardshell_jackets
from: hardshell_jackets/10237213x1120901_zm.jpeg
data is (40, 40, 3)
Image class  hardshell_jackets
from: hardshell_jackets/10237213x1151124_zm.jpeg
data is (40, 40, 3)
Image class  hardshell_jackets
from: hardshell_jackets/10237214x1012905_zm.jpeg
data is (40, 40, 3)
Image class  hardshell_jackets
from: hardshell_jackets/10237214x1037243_zm.jpeg
data is (40, 40, 3)
Image class  hardshell_jackets
from: hardshell_jackets/10237214x1107866_zm.jpeg
data is (40, 40, 3)
Image class  hardshell_jackets
from: hardshell_jackets/10237214x1141696_zm.jpeg
data is (40, 40, 3)
Image class  hardshell_jackets
from: hardshell_jackets/10237598x1012511_zm.jpeg
data is (40, 40, 3)
Image class  hardshell_jackets
from: hardshell_jackets/10237598x1012870_zm.jpeg
data is (40, 40, 3)
Image class  hardshell_jackets
from: hardshell_jackets/10237598x1039510_zm.jpeg
data is (40, 40, 3)
Image class  hardshell_jackets
from: hardshell_jackets/10237625x1013303_zm.jpeg
data is (40, 40, 3)
Image class  hardshell_jackets
from: hardshell_jackets/10237625x1068072_zm.jpeg
data is (40, 40, 3)
Image class  hardshell_jackets
from: hardshell_jackets/10245195x1012905_zm.jpeg
data is (40, 40, 3)
Image class  hardshell_jackets
from: hardshell_jackets/10245195x1077158_zm.jpeg
data is (40, 40, 3)
Image class  hardshell_jackets
from: harnesses/100177.jpeg
data is (40, 40, 3)
Image class  harnesses
from: harnesses/10018255x1043343_zm.jpeg
data is (40, 40, 3)
Image class  harnesses
from: harnesses/10018261x1043343_zm (2).jpeg
data is (40, 40, 3)
Image class  harnesses
from: harnesses/10018261x1043343_zm.jpeg
data is (40, 40, 3)
Image class  harnesses
from: harnesses/10019395_zm.jpeg
data is (40, 40, 3)
Image class  harnesses
from: harnesses/10021542x1037092_zm.jpeg
data is (40, 40, 3)
Image class  harnesses
from: harnesses/10024776x1003070_zm.jpeg
data is (40, 40, 3)
Image class  harnesses
from: harnesses/10043473_zm.jpeg
data is (40, 40, 3)
Image class  harnesses
from: harnesses/10044103x1039850_zm.jpeg
data is (40, 40, 3)
Image class  harnesses
from: harnesses/10050975x1083868_zm.jpeg
data is (40, 40, 3)
Image class  harnesses
from: harnesses/100510.jpeg
data is (40, 40, 3)
Image class  harnesses
from: harnesses/100512.jpeg
data is (40, 40, 3)
Image class  harnesses
from: harnesses/100514.jpeg
data is (40, 40, 3)
Image class  harnesses
from: harnesses/100516.jpeg
data is (40, 40, 3)
Image class  harnesses
from: harnesses/100525.jpeg
data is (40, 40, 3)
Image class  harnesses
from: harnesses/10080796_zm.jpeg
data is (40, 40, 3)
Image class  harnesses
from: harnesses/10085052x1011898_zm.jpeg
data is (40, 40, 3)
Image class  harnesses
from: harnesses/10085947x1011898_zm.jpeg
data is (40, 40, 3)
Image class  harnesses
from: harnesses/100971.jpeg
data is (40, 40, 3)
Image class  harnesses
from: harnesses/100972.jpeg
data is (40, 40, 3)
Image class  harnesses
from: harnesses/10100949x1003070_zm.jpeg
data is (40, 40, 3)
Image class  harnesses
from: harnesses/10100950x1003070_zm.jpeg
data is (40, 40, 3)
Image class  harnesses
from: harnesses/10100951x1003070_zm.jpeg
data is (40, 40, 3)
Image class  harnesses
from: harnesses/10118826x1039671_zm.jpeg
data is (40, 40, 3)
Image class  harnesses
from: harnesses/10188319x1039671_zm.jpeg
data is (40, 40, 3)
Image class  harnesses
from: harnesses/10188321x1012905_zm.jpeg
data is (40, 40, 3)
Image class  harnesses
from: harnesses/10199398x1038235_zm.jpeg
data is (40, 40, 3)
Image class  harnesses
from: harnesses/10199427x1019969_zm.jpeg
data is (40, 40, 3)
Image class  harnesses
from: harnesses/10213720x1036902_zm.jpeg
data is (40, 40, 3)
Image class  harnesses
from: harnesses/10214954x1012549_zm.jpeg
data is (40, 40, 3)
Image class  harnesses
from: harnesses/10227821x1043342_zm.jpeg
data is (40, 40, 3)
Image class  harnesses
from: harnesses/10229137x1011834_zm (2).jpeg
data is (40, 40, 3)
Image class  harnesses
from: harnesses/10229137x1011834_zm.jpeg
data is (40, 40, 3)
Image class  harnesses
from: harnesses/10234818x1083105_zm.jpeg
data is (40, 40, 3)
Image class  harnesses
from: harnesses/10235646x1061631_zm.jpeg
data is (40, 40, 3)
Image class  harnesses
from: harnesses/10235656x1069456_zm.jpeg
data is (40, 40, 3)
Image class  harnesses
from: harnesses/10235668x1062217_zm.jpeg
data is (40, 40, 3)
Image class  harnesses
from: harnesses/10235671x1020805_zm.jpeg
data is (40, 40, 3)
Image class  harnesses
from: harnesses/10239777x1086235_zm.jpeg
data is (40, 40, 3)
Image class  harnesses
from: harnesses/10239778x1043873_zm.jpeg
data is (40, 40, 3)
Image class  harnesses
from: harnesses/10239783x1086236_zm.jpeg
data is (40, 40, 3)
Image class  harnesses
from: harnesses/10244328x1013039_zm.jpeg
data is (40, 40, 3)
Image class  harnesses
from: harnesses/10266887x1100880_zm.jpeg
data is (40, 40, 3)
Image class  harnesses
from: harnesses/10266888x1019630_zm.jpeg
data is (40, 40, 3)
Image class  harnesses
from: harnesses/10266909x1101065_zm.jpeg
data is (40, 40, 3)
Image class  harnesses
from: harnesses/10266910x1072613_zm.jpeg
data is (40, 40, 3)
Image class  harnesses
from: harnesses/10266937x1012425_zm.jpeg
data is (40, 40, 3)
Image class  harnesses
from: harnesses/10269387x1013433_zm.jpeg
data is (40, 40, 3)
Image class  harnesses
from: harnesses/10269395x1040382_zm.jpeg
data is (40, 40, 3)
Image class  harnesses
from: harnesses/10269403x1093407_zm.jpeg
data is (40, 40, 3)
Image class  harnesses
from: harnesses/10273588x1038042_zm.jpeg
data is (40, 40, 3)
Image class  harnesses
from: harnesses/10274371_zm.jpeg
data is (40, 40, 3)
Image class  harnesses
from: harnesses/10274405_zm.jpeg
data is (40, 40, 3)
Image class  harnesses
from: harnesses/10274406_zm.jpeg
data is (40, 40, 3)
Image class  harnesses
from: harnesses/10280389x1107688_zm.jpeg
data is (40, 40, 3)
Image class  harnesses
from: harnesses/10280429x1107639_zm.jpeg
data is (40, 40, 3)
Image class  harnesses
from: harnesses/10286244x1003070_zm.jpeg
data is (40, 40, 3)
Image class  harnesses
from: harnesses/10286265x1042156_zm.jpeg
data is (40, 40, 3)
Image class  harnesses
from: harnesses/10289325x1099744_zm.jpeg
data is (40, 40, 3)
Image class  harnesses
from: harnesses/10298578x1041556_zm.jpeg
data is (40, 40, 3)
Image class  harnesses
from: harnesses/10301664x1078795_zm.jpeg
data is (40, 40, 3)
Image class  harnesses
from: harnesses/10301665x1082438_zm.jpeg
data is (40, 40, 3)
Image class  harnesses
from: harnesses/10308303x1000877_zm.jpeg
data is (40, 40, 3)
Image class  harnesses
from: harnesses/10308304x1068792_zm.jpeg
data is (40, 40, 3)
Image class  harnesses
from: harnesses/10308306x1125053_zm.jpeg
data is (40, 40, 3)
Image class  harnesses
from: harnesses/10308307x1125066_zm.jpeg
data is (40, 40, 3)
Image class  harnesses
from: harnesses/10308308x1125046_zm.jpeg
data is (40, 40, 3)
Image class  harnesses
from: harnesses/10308564_zm.jpeg
data is (40, 40, 3)
Image class  harnesses
from: harnesses/10308569x1010913_zm.jpeg
data is (40, 40, 3)
Image class  harnesses
from: harnesses/10308570x1011898_zm.jpeg
data is (40, 40, 3)
Image class  harnesses
from: harnesses/10308571x1011898_zm.jpeg
data is (40, 40, 3)
Image class  harnesses
from: harnesses/10308642x1012549_zm.jpeg
data is (40, 40, 3)
Image class  harnesses
from: harnesses/10308646x1013005_zm.jpeg
data is (40, 40, 3)
Image class  harnesses
from: harnesses/10311125x1012549_zm.jpeg
data is (40, 40, 3)
Image class  harnesses
from: harnesses/10311152x1036971_zm.jpeg
data is (40, 40, 3)
Image class  harnesses
from: harnesses/10311158x1013457_zm.jpeg
data is (40, 40, 3)
Image class  harnesses
from: harnesses/10311160x1042156_zm.jpeg
data is (40, 40, 3)
Image class  harnesses
from: harnesses/10317590x1078795_zm.jpeg
data is (40, 40, 3)
Image class  harnesses
from: harnesses/10320765_zm.jpeg
data is (40, 40, 3)
Image class  harnesses
from: harnesses/10321057x1011898_zm.jpeg
data is (40, 40, 3)
Image class  harnesses
from: harnesses/10321079x1003070_zm.jpeg
data is (40, 40, 3)
Image class  harnesses
from: helmets/100536.jpeg
data is (40, 40, 3)
Image class  helmets
from: helmets/10085954x1031041_zm.jpeg
data is (40, 40, 3)
Image class  helmets
from: helmets/10085954x1114172_zm.jpeg
data is (40, 40, 3)
Image class  helmets
from: helmets/10085954x1114180_zm.jpeg
data is (40, 40, 3)
Image class  helmets
from: helmets/10085954x1114185_zm.jpeg
data is (40, 40, 3)
Image class  helmets
from: helmets/10093454x1013457_zm.jpeg
data is (40, 40, 3)
Image class  helmets
from: helmets/10093454x1042156_zm.jpeg
data is (40, 40, 3)
Image class  helmets
from: helmets/100943.jpeg
data is (40, 40, 3)
Image class  helmets
from: helmets/100973.jpeg
data is (40, 40, 3)
Image class  helmets
from: helmets/10187948x1011898_zm.jpeg
data is (40, 40, 3)
Image class  helmets
from: helmets/10187948x1012905_zm.jpeg
data is (40, 40, 3)
Image class  helmets
from: helmets/10187948x1046104_zm.jpeg
data is (40, 40, 3)
Image class  helmets
from: helmets/10187948x1078795_zm.jpeg
data is (40, 40, 3)
Image class  helmets
from: helmets/10187949x1040578_zm.jpeg
data is (40, 40, 3)
Image class  helmets
from: helmets/10187949x1121031_zm.jpeg
data is (40, 40, 3)
Image class  helmets
from: helmets/10188393x1011898_zm.jpeg
data is (40, 40, 3)
Image class  helmets
from: helmets/10188393x1043709_zm.jpeg
data is (40, 40, 3)
Image class  helmets
from: helmets/10188393x1105548_zm.jpeg
data is (40, 40, 3)
Image class  helmets
from: helmets/10188394x1011898_zm.jpeg
data is (40, 40, 3)
Image class  helmets
from: helmets/10188395x1036824_zm.jpeg
data is (40, 40, 3)
Image class  helmets
from: helmets/10190075x1102897_zm.jpeg
data is (40, 40, 3)
Image class  helmets
from: helmets/10190075x1145821_zm.jpeg
data is (40, 40, 3)
Image class  helmets
from: helmets/10190104x1010868_zm.jpeg
data is (40, 40, 3)
Image class  helmets
from: helmets/10190104x1011898_zm.jpeg
data is (40, 40, 3)
Image class  helmets
from: helmets/10190104x1012549_zm.jpeg
data is (40, 40, 3)
Image class  helmets
from: helmets/10190104x1012905_zm.jpeg
data is (40, 40, 3)
Image class  helmets
from: helmets/10208341x1011834_zm.jpeg
data is (40, 40, 3)
Image class  helmets
from: helmets/10208341x1046104_zm.jpeg
data is (40, 40, 3)
Image class  helmets
from: helmets/10208341x1046806_zm.jpeg
data is (40, 40, 3)
Image class  helmets
from: helmets/10208341x1062229_zm.jpeg
data is (40, 40, 3)
Image class  helmets
from: helmets/10216108x1011898_zm.jpeg
data is (40, 40, 3)
Image class  helmets
from: helmets/10225848x1010938_zm.jpeg
data is (40, 40, 3)
Image class  helmets
from: helmets/10225848x1037246_zm.jpeg
data is (40, 40, 3)
Image class  helmets
from: helmets/10239792x1052090_zm.jpeg
data is (40, 40, 3)
Image class  helmets
from: helmets/10239792x1145773_zm.jpeg
data is (40, 40, 3)
Image class  helmets
from: helmets/10253748x1010868_zm.jpeg
data is (40, 40, 3)
Image class  helmets
from: helmets/10274402x1010868_zm.jpeg
data is (40, 40, 3)
Image class  helmets
from: helmets/10274402x1011898_zm.jpeg
data is (40, 40, 3)
Image class  helmets
from: helmets/10308340x1001992_zm.jpeg
data is (40, 40, 3)
Image class  helmets
from: helmets/10308340x1011898_zm.jpeg
data is (40, 40, 3)
Image class  helmets
from: helmets/10308340x1027215_zm.jpeg
data is (40, 40, 3)
Image class  helmets
from: helmets/10308590x1010868_zm.jpeg
data is (40, 40, 3)
Image class  helmets
from: helmets/10308590x1010913_zm.jpeg
data is (40, 40, 3)
Image class  helmets
from: helmets/10308590x1012163_zm.jpeg
data is (40, 40, 3)
Image class  helmets
from: helmets/10308590x1013039_zm.jpeg
data is (40, 40, 3)
Image class  helmets
from: helmets/10311144x1010868_zm.jpeg
data is (40, 40, 3)
Image class  helmets
from: helmets/10311144x1010913_zm.jpeg
data is (40, 40, 3)
Image class  helmets
from: helmets/10311144x1013039_zm.jpeg
data is (40, 40, 3)
Image class  helmets
from: helmets/10311145x1003070_zm.jpeg
data is (40, 40, 3)
Image class  helmets
from: helmets/10311145x1010868_zm.jpeg
data is (40, 40, 3)
Image class  helmets
from: helmets/10311145x1012549_zm.jpeg
data is (40, 40, 3)
Image class  helmets
from: helmets/10311145x1013039_zm.jpeg
data is (40, 40, 3)
Image class  helmets
from: helmets/10311154x1011898_zm.jpeg
data is (40, 40, 3)
Image class  helmets
from: helmets/10311154x1012346_zm.jpeg
data is (40, 40, 3)
Image class  helmets
from: helmets/10311154x1012549_zm.jpeg
data is (40, 40, 3)
Image class  helmets
from: helmets/10311543x1010868_zm.jpeg
data is (40, 40, 3)
Image class  helmets
from: helmets/10311543x1011898_zm.jpeg
data is (40, 40, 3)
Image class  helmets
from: helmets/10311543x1012549_zm.jpeg
data is (40, 40, 3)
Image class  helmets
from: helmets/10311543x1013039_zm.jpeg
data is (40, 40, 3)
Image class  helmets
from: helmets/10311543x1128005_zm.jpeg
data is (40, 40, 3)
Image class  helmets
from: helmets/10337586x1010868_zm.jpeg
data is (40, 40, 3)
Image class  helmets
from: helmets/10337586x1010913_zm.jpeg
data is (40, 40, 3)
Image class  helmets
from: helmets/10337586x1012549_zm.jpeg
data is (40, 40, 3)
Image class  helmets
from: helmets/10339623_zm.jpeg
data is (40, 40, 3)
Image class  helmets
from: helmets/10353621x1012905_zm.jpeg
data is (40, 40, 3)
Image class  helmets
from: helmets/10373906x1011898_zm.jpeg
data is (40, 40, 3)
Image class  helmets
from: helmets/10373906x1012549_zm.jpeg
data is (40, 40, 3)
Image class  helmets
from: helmets/10373906x1037650_zm.jpeg
data is (40, 40, 3)
Image class  helmets
from: helmets/110031.jpeg
data is (40, 40, 3)
Image class  helmets
from: helmets/114688.png
data is (40, 40, 3)
Image class  helmets
from: helmets/114689.png
data is (40, 40, 3)
Image class  helmets
from: helmets/114692.png
data is (40, 40, 3)
Image class  helmets
from: helmets/125475.jpeg
data is (40, 40, 3)
Image class  helmets
from: helmets/125476.jpeg
data is (40, 40, 3)
Image class  helmets
from: helmets/1313675_801_main.png
data is (40, 40, 3)
Image class  helmets
from: helmets/1313681_801_main.png
data is (40, 40, 3)
Image class  helmets
from: helmets/2039611_101_main.jpg
data is (40, 40, 3)
Image class  helmets
from: helmets/2039613_408_main.jpg
data is (40, 40, 3)
Image class  helmets
from: helmets/2039617_004_main.jpg
data is (40, 40, 3)
Image class  helmets
from: helmets/2039626_004_main.jpg
data is (40, 40, 3)
Image class  helmets
from: helmets/2039658_408_main.jpg
data is (40, 40, 3)
Image class  helmets
from: insulated_jackets/10167913x1063714_zm.jpeg
data is (40, 40, 3)
Image class  insulated_jackets
from: insulated_jackets/10167913x1116023_zm.jpeg
data is (40, 40, 3)
Image class  insulated_jackets
from: insulated_jackets/10167913x1116127_zm.jpeg
data is (40, 40, 3)
Image class  insulated_jackets
from: insulated_jackets/10167913x1131896_zm.jpeg
data is (40, 40, 3)
Image class  insulated_jackets
from: insulated_jackets/10167913x1152157_zm.jpeg
data is (40, 40, 3)
Image class  insulated_jackets
from: insulated_jackets/10221581x1012905_zm.jpeg
data is (40, 40, 3)
Image class  insulated_jackets
from: insulated_jackets/10221581x1042197_zm.jpeg
data is (40, 40, 3)
Image class  insulated_jackets
from: insulated_jackets/10221581x1107976_zm.jpeg
data is (40, 40, 3)
Image class  insulated_jackets
from: insulated_jackets/10221581x1151144_zm.jpeg
data is (40, 40, 3)
Image class  insulated_jackets
from: insulated_jackets/10221581x1151234_zm.jpeg
data is (40, 40, 3)
Image class  insulated_jackets
from: insulated_jackets/10223782x1012905_zm.jpeg
data is (40, 40, 3)
Image class  insulated_jackets
from: insulated_jackets/10223782x1042852_zm.jpeg
data is (40, 40, 3)
Image class  insulated_jackets
from: insulated_jackets/10223782x1086840_zm.jpeg
data is (40, 40, 3)
Image class  insulated_jackets
from: insulated_jackets/10223782x1150948_zm.jpeg
data is (40, 40, 3)
Image class  insulated_jackets
from: insulated_jackets/10223782x1150954_zm.jpeg
data is (40, 40, 3)
Image class  insulated_jackets
from: insulated_jackets/10223783x1012905_zm.jpeg
data is (40, 40, 3)
Image class  insulated_jackets
from: insulated_jackets/10223783x1036899_zm.jpeg
data is (40, 40, 3)
Image class  insulated_jackets
from: insulated_jackets/10223783x1086840_zm.jpeg
data is (40, 40, 3)
Image class  insulated_jackets
from: insulated_jackets/10223783x1150950_zm.jpeg
data is (40, 40, 3)
Image class  insulated_jackets
from: insulated_jackets/10223783x1150954_zm.jpeg
data is (40, 40, 3)
Image class  insulated_jackets
from: insulated_jackets/10223784x1013039_zm.jpeg
data is (40, 40, 3)
Image class  insulated_jackets
from: insulated_jackets/10223784x1036951_zm.jpeg
data is (40, 40, 3)
Image class  insulated_jackets
from: insulated_jackets/10229002x1012905_zm.jpeg
data is (40, 40, 3)
Image class  insulated_jackets
from: insulated_jackets/10229002x1038050_zm.jpeg
data is (40, 40, 3)
Image class  insulated_jackets
from: insulated_jackets/10229002x1042015_zm.jpeg
data is (40, 40, 3)
Image class  insulated_jackets
from: insulated_jackets/10229002x1044967_zm.jpeg
data is (40, 40, 3)
Image class  insulated_jackets
from: insulated_jackets/10251218x1010953_zm.jpeg
data is (40, 40, 3)
Image class  insulated_jackets
from: insulated_jackets/10251218x1012905_zm.jpeg
data is (40, 40, 3)
Image class  insulated_jackets
from: insulated_jackets/10251218x1149124_zm.jpeg
data is (40, 40, 3)
Image class  insulated_jackets
from: insulated_jackets/10252803x1012905_zm.jpeg
data is (40, 40, 3)
Image class  insulated_jackets
from: insulated_jackets/10252803x1038337_zm.jpeg
data is (40, 40, 3)
Image class  insulated_jackets
from: insulated_jackets/10252803x1044494_zm.jpeg
data is (40, 40, 3)
Image class  insulated_jackets
from: insulated_jackets/10252803x1076923_zm.jpeg
data is (40, 40, 3)
Image class  insulated_jackets
from: insulated_jackets/10252803x1149691_zm.jpeg
data is (40, 40, 3)
Image class  insulated_jackets
from: insulated_jackets/10252804x1012905_zm.jpeg
data is (40, 40, 3)
Image class  insulated_jackets
from: insulated_jackets/10252804x1038343_zm.jpeg
data is (40, 40, 3)
Image class  insulated_jackets
from: insulated_jackets/10252804x1149670_zm.jpeg
data is (40, 40, 3)
Image class  insulated_jackets
from: insulated_jackets/10252804x1149780_zm.jpeg
data is (40, 40, 3)
Image class  insulated_jackets
from: insulated_jackets/10252804x1149856_zm.jpeg
data is (40, 40, 3)
Image class  insulated_jackets
from: insulated_jackets/10252805x1012905_zm.jpeg
data is (40, 40, 3)
Image class  insulated_jackets
from: insulated_jackets/10252805x1044494_zm.jpeg
data is (40, 40, 3)
Image class  insulated_jackets
from: insulated_jackets/10252805x1072372_zm.jpeg
data is (40, 40, 3)
Image class  insulated_jackets
from: insulated_jackets/10252805x1149691_zm.jpeg
data is (40, 40, 3)
Image class  insulated_jackets
from: insulated_jackets/10252805x1149711_zm.jpeg
data is (40, 40, 3)
Image class  insulated_jackets
from: insulated_jackets/10252810x1012905_zm.jpeg
data is (40, 40, 3)
Image class  insulated_jackets
from: insulated_jackets/10252810x1140853_zm.jpeg
data is (40, 40, 3)
Image class  insulated_jackets
from: insulated_jackets/10252810x1141122_zm.jpeg
data is (40, 40, 3)
Image class  insulated_jackets
from: insulated_jackets/10252810x1149780_zm.jpeg
data is (40, 40, 3)
Image class  insulated_jackets
from: insulated_jackets/10252810x1149856_zm.jpeg
data is (40, 40, 3)
Image class  insulated_jackets
from: insulated_jackets/10254528x1038429_zm.jpeg
data is (40, 40, 3)
Image class  insulated_jackets
from: insulated_jackets/10254528x1063556_zm.jpeg
data is (40, 40, 3)
Image class  insulated_jackets
from: insulated_jackets/10254528x1107280_zm.jpeg
data is (40, 40, 3)
Image class  insulated_jackets
from: insulated_jackets/10254528x1149198_zm.jpeg
data is (40, 40, 3)
Image class  insulated_jackets
from: insulated_jackets/10254529x1037095_zm.jpeg
data is (40, 40, 3)
Image class  insulated_jackets
from: insulated_jackets/10254529x1063556_zm.jpeg
data is (40, 40, 3)
Image class  insulated_jackets
from: insulated_jackets/10254529x1110654_zm.jpeg
data is (40, 40, 3)
Image class  insulated_jackets
from: insulated_jackets/10254529x1114306_zm.jpeg
data is (40, 40, 3)
Image class  insulated_jackets
from: insulated_jackets/10254529x1149208_zm.jpeg
data is (40, 40, 3)
Image class  insulated_jackets
from: insulated_jackets/10254531x1012905_zm.jpeg
data is (40, 40, 3)
Image class  insulated_jackets
from: insulated_jackets/10254531x1063556_zm.jpeg
data is (40, 40, 3)
Image class  insulated_jackets
from: insulated_jackets/10254531x1110654_zm.jpeg
data is (40, 40, 3)
Image class  insulated_jackets
from: insulated_jackets/10254531x1114306_zm.jpeg
data is (40, 40, 3)
Image class  insulated_jackets
from: insulated_jackets/10254531x1140773_zm.jpeg
data is (40, 40, 3)
Image class  insulated_jackets
from: insulated_jackets/10281293x1012905_zm.jpeg
data is (40, 40, 3)
Image class  insulated_jackets
from: insulated_jackets/10281293x1015996_zm.jpeg
data is (40, 40, 3)
Image class  insulated_jackets
from: insulated_jackets/10281293x1140556_zm.jpeg
data is (40, 40, 3)
Image class  insulated_jackets
from: insulated_jackets/10281293x1149113_zm.jpeg
data is (40, 40, 3)
Image class  insulated_jackets
from: insulated_jackets/10281294x1012905_zm.jpeg
data is (40, 40, 3)
Image class  insulated_jackets
from: insulated_jackets/10281294x1071749_zm.jpeg
data is (40, 40, 3)
Image class  insulated_jackets
from: insulated_jackets/10281294x1149111_zm.jpeg
data is (40, 40, 3)
Image class  insulated_jackets
from: insulated_jackets/10281299x1012905_zm.jpeg
data is (40, 40, 3)
Image class  insulated_jackets
from: insulated_jackets/10281299x1043346_zm.jpeg
data is (40, 40, 3)
Image class  insulated_jackets
from: insulated_jackets/10281299x1149086_zm.jpeg
data is (40, 40, 3)
Image class  insulated_jackets
from: insulated_jackets/10281299x1149124_zm.jpeg
data is (40, 40, 3)
Image class  insulated_jackets
from: insulated_jackets/102814.jpeg
data is (40, 40, 3)
Image class  insulated_jackets
from: insulated_jackets/10281638x1011016_zm.jpeg
data is (40, 40, 3)
Image class  insulated_jackets
from: insulated_jackets/10281638x1012905_zm.jpeg
data is (40, 40, 3)
Image class  insulated_jackets
from: insulated_jackets/10281638x1037423_zm.jpeg
data is (40, 40, 3)
Image class  insulated_jackets
from: insulated_jackets/10281638x1149698_zm.jpeg
data is (40, 40, 3)
Image class  insulated_jackets
from: insulated_jackets/10281833x1012905_zm.jpeg
data is (40, 40, 3)
Image class  insulated_jackets
from: insulated_jackets/10281833x1038337_zm.jpeg
data is (40, 40, 3)
Image class  insulated_jackets
from: pulleys/10082019_zm.jpeg
data is (40, 40, 3)
Image class  pulleys
from: pulleys/10093458x1012905_zm.jpeg
data is (40, 40, 3)
Image class  pulleys
from: pulleys/10093459x1012905_zm.jpeg
data is (40, 40, 3)
Image class  pulleys
from: pulleys/10093460_zm.jpeg
data is (40, 40, 3)
Image class  pulleys
from: pulleys/10093461_zm.jpeg
data is (40, 40, 3)
Image class  pulleys
from: pulleys/100974.jpeg
data is (40, 40, 3)
Image class  pulleys
from: pulleys/10189962_zm.jpeg
data is (40, 40, 3)
Image class  pulleys
from: pulleys/10213740x1012905_zm.jpeg
data is (40, 40, 3)
Image class  pulleys
from: pulleys/10253730_zm.jpeg
data is (40, 40, 3)
Image class  pulleys
from: pulleys/10286273_zm.jpeg
data is (40, 40, 3)
Image class  pulleys
from: pulleys/10308560_zm.jpeg
data is (40, 40, 3)
Image class  pulleys
from: pulleys/10308561_zm.jpeg
data is (40, 40, 3)
Image class  pulleys
from: pulleys/10308567x1012905_zm.jpeg
data is (40, 40, 3)
Image class  pulleys
from: pulleys/10308567x1013039_zm.jpeg
data is (40, 40, 3)
Image class  pulleys
from: pulleys/10308568_zm.jpeg
data is (40, 40, 3)
Image class  pulleys
from: pulleys/10308577_zm.jpeg
data is (40, 40, 3)
Image class  pulleys
from: pulleys/10308586x1012905_zm.jpeg
data is (40, 40, 3)
Image class  pulleys
from: pulleys/10308586x1013039_zm.jpeg
data is (40, 40, 3)
Image class  pulleys
from: pulleys/10308587_zm.jpeg
data is (40, 40, 3)
Image class  pulleys
from: pulleys/10308588x1012905_zm.jpeg
data is (40, 40, 3)
Image class  pulleys
from: pulleys/10308588x1013039_zm.jpeg
data is (40, 40, 3)
Image class  pulleys
from: pulleys/10308589_zm.jpeg
data is (40, 40, 3)
Image class  pulleys
from: pulleys/10312199x1010913_zm.jpeg
data is (40, 40, 3)
Image class  pulleys
from: pulleys/10340475_zm.jpeg
data is (40, 40, 3)
Image class  pulleys
from: pulleys/10353628_zm.jpeg
data is (40, 40, 3)
Image class  pulleys
from: pulleys/10354144_zm.jpeg
data is (40, 40, 3)
Image class  pulleys
from: pulleys/751701.jpeg
data is (40, 40, 3)
Image class  pulleys
from: pulleys/799039.jpeg
data is (40, 40, 3)
Image class  pulleys
from: pulleys/799040.jpeg
data is (40, 40, 3)
Image class  pulleys
from: pulleys/799041.jpeg
data is (40, 40, 3)
Image class  pulleys
from: pulleys/799042.jpeg
data is (40, 40, 3)
Image class  pulleys
from: pulleys/799043.jpeg
data is (40, 40, 3)
Image class  pulleys
from: pulleys/834987.jpeg
data is (40, 40, 3)
Image class  pulleys
from: pulleys/850359.jpeg
data is (40, 40, 3)
Image class  pulleys
from: pulleys/855700.jpeg
data is (40, 40, 3)
Image class  pulleys
from: pulleys/871112.jpeg
data is (40, 40, 3)
Image class  pulleys
from: pulleys/896109.jpeg
data is (40, 40, 3)
Image class  pulleys
from: pulleys/896110.jpeg
data is (40, 40, 3)
Image class  pulleys
from: pulleys/896111.jpeg
data is (40, 40, 3)
Image class  pulleys
from: pulleys/896112.jpeg
data is (40, 40, 3)
Image class  pulleys
from: pulleys/GJIBMMBKOACAPNAB_zm.jpeg
data is (40, 40, 3)
Image class  pulleys
from: pulleys/PMMPIHLDJMDGMANJ_zm.jpeg
data is (40, 40, 3)
Image class  pulleys
from: rope/100524.jpeg
data is (40, 40, 3)
Image class  rope
from: rope/10091144x1012549_zm.jpeg
data is (40, 40, 3)
Image class  rope
from: rope/10091145x1012379_zm.jpeg
data is (40, 40, 3)
Image class  rope
from: rope/10091145x1013039_zm.jpeg
data is (40, 40, 3)
Image class  rope
from: rope/10091146x1075027_zm.jpeg
data is (40, 40, 3)
Image class  rope
from: rope/10091146x1075029_zm.jpeg
data is (40, 40, 3)
Image class  rope
from: rope/10091146x1075030_zm.jpeg
data is (40, 40, 3)
Image class  rope
from: rope/10091146x1146842_zm.jpeg
data is (40, 40, 3)
Image class  rope
from: rope/10091150x1036944_zm.jpeg
data is (40, 40, 3)
Image class  rope
from: rope/10105778x1012905_zm.jpeg
data is (40, 40, 3)
Image class  rope
from: rope/10173102x1011898_zm.jpeg
data is (40, 40, 3)
Image class  rope
from: rope/10173102x1013005_zm.jpeg
data is (40, 40, 3)
Image class  rope
from: rope/10215193x1114766_zm.jpeg
data is (40, 40, 3)
Image class  rope
from: rope/10215514x1011102_zm.jpeg
data is (40, 40, 3)
Image class  rope
from: rope/10215514x1011898_zm.jpeg
data is (40, 40, 3)
Image class  rope
from: rope/10215514x1012549_zm.jpeg
data is (40, 40, 3)
Image class  rope
from: rope/10215515x1010913_zm.jpeg
data is (40, 40, 3)
Image class  rope
from: rope/10215515x1012549_zm.jpeg
data is (40, 40, 3)
Image class  rope
from: rope/10217497x1012549_zm.jpeg
data is (40, 40, 3)
Image class  rope
from: rope/10234769x1012295_zm.jpeg
data is (40, 40, 3)
Image class  rope
from: rope/10244025x1012549_zm.jpeg
data is (40, 40, 3)
Image class  rope
from: rope/10244025x1013041_zm.jpeg
data is (40, 40, 3)
Image class  rope
from: rope/10244028x1010913_zm.jpeg
data is (40, 40, 3)
Image class  rope
from: rope/10244029x1010913_zm.jpeg
data is (40, 40, 3)
Image class  rope
from: rope/10244033x1005685_zm.jpeg
data is (40, 40, 3)
Image class  rope
from: rope/10244034x1005685_zm.jpeg
data is (40, 40, 3)
Image class  rope
from: rope/10244046x1013005_zm.jpeg
data is (40, 40, 3)
Image class  rope
from: rope/10253708x1011898_zm.jpeg
data is (40, 40, 3)
Image class  rope
from: rope/10253708x1013861_zm.jpeg
data is (40, 40, 3)
Image class  rope
from: rope/10253712x1012549_zm.jpeg
data is (40, 40, 3)
Image class  rope
from: rope/10253713x1012549_zm.jpeg
data is (40, 40, 3)
Image class  rope
from: rope/10253713x1036971_zm.jpeg
data is (40, 40, 3)
Image class  rope
from: rope/10253727x1012549_zm.jpeg
data is (40, 40, 3)
Image class  rope
from: rope/10253727x1013041_zm.jpeg
data is (40, 40, 3)
Image class  rope
from: rope/10253729x1003070_zm.jpeg
data is (40, 40, 3)
Image class  rope
from: rope/10253743x1013041_zm.jpeg
data is (40, 40, 3)
Image class  rope
from: rope/10253743x1037097_zm.jpeg
data is (40, 40, 3)
Image class  rope
from: rope/10253749x1003070_zm.jpeg
data is (40, 40, 3)
Image class  rope
from: rope/10253749x1011898_zm.jpeg
data is (40, 40, 3)
Image class  rope
from: rope/10275592x1043342_zm.jpeg
data is (40, 40, 3)
Image class  rope
from: rope/10275596x1090012_zm.jpeg
data is (40, 40, 3)
Image class  rope
from: rope/10275597x1043665_zm.jpeg
data is (40, 40, 3)
Image class  rope
from: rope/10275599x1105812_zm.jpeg
data is (40, 40, 3)
Image class  rope
from: rope/10277131x1011898_zm.jpeg
data is (40, 40, 3)
Image class  rope
from: rope/10277131x1036944_zm.jpeg
data is (40, 40, 3)
Image class  rope
from: rope/10277181x1012549_zm.jpeg
data is (40, 40, 3)
Image class  rope
from: rope/10277181x1013039_zm.jpeg
data is (40, 40, 3)
Image class  rope
from: rope/10277183x1010913_zm.jpeg
data is (40, 40, 3)
Image class  rope
from: rope/10277183x1012549_zm.jpeg
data is (40, 40, 3)
Image class  rope
from: rope/10277183x1106581_zm.jpeg
data is (40, 40, 3)
Image class  rope
from: rope/10277185x1010913_zm.jpeg
data is (40, 40, 3)
Image class  rope
from: rope/10277185x1011898_zm.jpeg
data is (40, 40, 3)
Image class  rope
from: rope/10277185x1012549_zm.jpeg
data is (40, 40, 3)
Image class  rope
from: rope/10277185x1037399_zm.jpeg
data is (40, 40, 3)
Image class  rope
from: rope/10277185x1106581_zm.jpeg
data is (40, 40, 3)
Image class  rope
from: rope/10277186x1011898_zm.jpeg
data is (40, 40, 3)
Image class  rope
from: rope/10277186x1012549_zm.jpeg
data is (40, 40, 3)
Image class  rope
from: rope/10277186x1013005_zm.jpeg
data is (40, 40, 3)
Image class  rope
from: rope/10277186x1106723_zm.jpeg
data is (40, 40, 3)
Image class  rope
from: rope/10277186x1106724_zm.jpeg
data is (40, 40, 3)
Image class  rope
from: rope/10290358x1012549_zm.jpeg
data is (40, 40, 3)
Image class  rope
from: rope/10290358x1106580_zm.jpeg
data is (40, 40, 3)
Image class  rope
from: rope/10290359x1062356_zm.jpeg
data is (40, 40, 3)
Image class  rope
from: rope/10290359x1106579_zm.jpeg
data is (40, 40, 3)
Image class  rope
from: rope/10290359x1157578_zm.jpeg
data is (40, 40, 3)
Image class  rope
from: rope/10290360x1013039_zm.jpeg
data is (40, 40, 3)
Image class  rope
from: rope/10290360x1042232_zm.jpeg
data is (40, 40, 3)
Image class  rope
from: rope/10290361x1037072_zm.jpeg
data is (40, 40, 3)
Image class  rope
from: rope/10290361x1106578_zm.jpeg
data is (40, 40, 3)
Image class  rope
from: rope/10290362x1106580_zm.jpeg
data is (40, 40, 3)
Image class  rope
from: rope/10290363x1036944_zm.jpeg
data is (40, 40, 3)
Image class  rope
from: rope/10290363x1052986_zm.jpeg
data is (40, 40, 3)
Image class  rope
from: rope/10290364x1052986_zm.jpeg
data is (40, 40, 3)
Image class  rope
from: rope/10290365x1062356_zm.jpeg
data is (40, 40, 3)
Image class  rope
from: rope/10290365x1106579_zm.jpeg
data is (40, 40, 3)
Image class  rope
from: rope/10290365x1157579_zm.jpeg
data is (40, 40, 3)
Image class  rope
from: rope/10290366x1012500_zm.jpeg
data is (40, 40, 3)
Image class  rope
from: rope/10290366x1036944_zm.jpeg
data is (40, 40, 3)
Image class  rope
from: rope/10290366x1090342_zm.jpeg
data is (40, 40, 3)
Image class  rope
from: rope/10290366x1090343_zm.jpeg
data is (40, 40, 3)
Image class  rope
from: rope/10290367x1012500_zm.jpeg
data is (40, 40, 3)
Image class  rope
from: tents/10093342x1013403_zm.jpeg
data is (40, 40, 3)
Image class  tents
from: tents/10093348x1013403_zm.jpeg
data is (40, 40, 3)
Image class  tents
from: tents/10093614x1052425_zm.jpeg
data is (40, 40, 3)
Image class  tents
from: tents/10093770x1040008_zm.jpeg
data is (40, 40, 3)
Image class  tents
from: tents/10093774x1043840_zm.jpeg
data is (40, 40, 3)
Image class  tents
from: tents/10093798x1010913_zm.jpeg
data is (40, 40, 3)
Image class  tents
from: tents/10101417x1010913_zm.jpeg
data is (40, 40, 3)
Image class  tents
from: tents/10101417x1013039_zm.jpeg
data is (40, 40, 3)
Image class  tents
from: tents/10101435x1010913_zm.jpeg
data is (40, 40, 3)
Image class  tents
from: tents/10101435x1013039_zm.jpeg
data is (40, 40, 3)
Image class  tents
from: tents/10101460x1013039_zm.jpeg
data is (40, 40, 3)
Image class  tents
from: tents/10101467x1010913_zm.jpeg
data is (40, 40, 3)
Image class  tents
from: tents/10101471x1010913_zm.jpeg
data is (40, 40, 3)
Image class  tents
from: tents/10101477x1010913_zm.jpeg
data is (40, 40, 3)
Image class  tents
from: tents/10101479x1010913_zm.jpeg
data is (40, 40, 3)
Image class  tents
from: tents/10192296x1011209_zm.jpeg
data is (40, 40, 3)
Image class  tents
from: tents/10196841x1040008_zm.jpeg
data is (40, 40, 3)
Image class  tents
from: tents/10215871x1010913_zm.jpeg
data is (40, 40, 3)
Image class  tents
from: tents/10235933x1063631_zm.jpeg
data is (40, 40, 3)
Image class  tents
from: tents/10235935x1063631_zm.jpeg
data is (40, 40, 3)
Image class  tents
from: tents/10236005x1063631_zm.jpeg
data is (40, 40, 3)
Image class  tents
from: tents/10236015x1063631_zm.jpeg
data is (40, 40, 3)
Image class  tents
from: tents/10236017x1063631_zm.jpeg
data is (40, 40, 3)
Image class  tents
from: tents/10236019x1063631_zm.jpeg
data is (40, 40, 3)
Image class  tents
from: tents/10238367x1013039_zm.jpeg
data is (40, 40, 3)
Image class  tents
from: tents/10268355x1071766_zm.jpeg
data is (40, 40, 3)
Image class  tents
from: tents/10271723x1095375_zm.jpeg
data is (40, 40, 3)
Image class  tents
from: tents/10271724x1014212_zm.jpeg
data is (40, 40, 3)
Image class  tents
from: tents/10271725x1095375_zm.jpeg
data is (40, 40, 3)
Image class  tents
from: tents/10271726x1095375_zm.jpeg
data is (40, 40, 3)
Image class  tents
from: tents/10272411x1043671_zm.jpeg
data is (40, 40, 3)
Image class  tents
from: tents/10272413x1043671_zm.jpeg
data is (40, 40, 3)
Image class  tents
from: tents/10272436x1037931_zm.jpeg
data is (40, 40, 3)
Image class  tents
from: tents/10286539x1037931_zm.jpeg
data is (40, 40, 3)
Image class  tents
from: tents/10302425x1071766_zm.jpeg
data is (40, 40, 3)
Image class  tents
from: tents/10302757x1071766_zm.jpeg
data is (40, 40, 3)
Image class  tents
from: tents/10303013x1071766_zm.jpeg
data is (40, 40, 3)
Image class  tents
from: tents/10304414x1010913_zm.jpeg
data is (40, 40, 3)
Image class  tents
from: tents/10306875x1010913_zm.jpeg
data is (40, 40, 3)
Image class  tents
from: tents/10309623x1010913_zm.jpeg
data is (40, 40, 3)
Image class  tents
from: tents/10316945x1071766_zm.jpeg
data is (40, 40, 3)
Image class  tents
from: tents/10317015x1131931_zm.jpeg
data is (40, 40, 3)
Image class  tents
from: tents/10331168x1010913_zm.jpeg
data is (40, 40, 3)
Image class  tents
from: tents/10331169x1010913_zm.jpeg
data is (40, 40, 3)
Image class  tents
from: tents/10331640x1019178_zm.jpeg
data is (40, 40, 3)
Image class  tents
from: tents/10333522_zm.jpeg
data is (40, 40, 3)
Image class  tents
from: tents/10333583x1041689_zm.jpeg
data is (40, 40, 3)
Image class  tents
from: tents/10333583x1043973_zm.jpeg
data is (40, 40, 3)
Image class  tents
from: tents/10334655x1011898_zm.jpeg
data is (40, 40, 3)
Image class  tents
from: tents/10334706x1011898_zm.jpeg
data is (40, 40, 3)
Image class  tents
from: tents/10334708x1011898_zm.jpeg
data is (40, 40, 3)
Image class  tents
from: tents/10334717x1011898_zm.jpeg
data is (40, 40, 3)
Image class  tents
from: tents/10346183_zm.jpeg
data is (40, 40, 3)
Image class  tents
from: tents/10368482_zm.jpeg
data is (40, 40, 3)
Image class  tents
from: tents/10368522_zm.jpeg
data is (40, 40, 3)
Image class  tents
from: tents/117562.jpeg
data is (40, 40, 3)
Image class  tents
from: tents/2019036_331_main.jpg
data is (40, 40, 3)
Image class  tents
from: tents/2022205_701_main.jpg
data is (40, 40, 3)
Image class  tents
from: tents/2022267_308_main.jpg
data is (40, 40, 3)
Image class  tents
from: tents/2022268_308_main.jpg
data is (40, 40, 3)
Image class  tents
from: tents/2022270_308_main.jpg
data is (40, 40, 3)
Image class  tents
from: tents/2022271_308_main.jpg
data is (40, 40, 3)
Image class  tents
from: tents/2022272_308_main.jpg
data is (40, 40, 3)
Image class  tents
from: tents/2022274_308_main.jpg
data is (40, 40, 3)
Image class  tents
from: tents/2022525_101_main.jpg
data is (40, 40, 3)
Image class  tents
from: tents/2022530_004_main.jpg
data is (40, 40, 3)
Image class  tents
from: tents/2022534_101_main.jpg
data is (40, 40, 3)
Image class  tents
from: tents/2023997_805_main.jpg
data is (40, 40, 3)
Image class  tents
from: tents/2023998_805_main.jpg
data is (40, 40, 3)
Image class  tents
from: tents/2023999_805_main.jpg
data is (40, 40, 3)
Image class  tents
from: tents/2024001_805_main.jpg
data is (40, 40, 3)
Image class  tents
from: tents/2030132_805_main.jpg
data is (40, 40, 3)
Image class  tents
from: tents/2030140_004_main.jpg
data is (40, 40, 3)
Image class  tents
from: tents/2030142_004_main.jpg
data is (40, 40, 3)
Image class  tents
from: tents/2030147_707_main.jpg
data is (40, 40, 3)
Image class  tents
from: tents/2030148_602_main.jpg
data is (40, 40, 3)
Image class  tents
from: tents/2030149_602_main.jpg
data is (40, 40, 3)
Image class  tents
from: tents/2030167_707_main.jpg
data is (40, 40, 3)
Image class  tents
from: tents/2030169_004_main.jpg
data is (40, 40, 3)
Image class  tents
from: tents/2030171_004_main.jpg
data is (40, 40, 3)
Image class  tents
from: tents/2030172_004_main.jpg
data is (40, 40, 3)
Image class  tents
Done
tents = 11
got 933 x 40 x 40 x 3
data range 255 to 0
933 classes
x_train shape: (625, 40, 40, 3)
x_test shape: (308, 40, 40, 3)
625 train samples
308 test samples
y_train shape: (625,)
y_test shape: (308,)
625 train classes
308 test classes
num_classes = 12
2018-03-15 13:00:49.904419: I C:\tf_jenkins\workspace\rel-win\M\windows-gpu\PY\36\tensorflow\core\platform\cpu_feature_guard.cc:137] Your CPU supports instructions that this TensorFlow binary was not compiled to use: AVX AVX2
2018-03-15 13:00:50.498888: I C:\tf_jenkins\workspace\rel-win\M\windows-gpu\PY\36\tensorflow\core\common_runtime\gpu\gpu_device.cc:1105] Found device 0 with properties:
name: Tesla K80 major: 3 minor: 7 memoryClockRate(GHz): 0.8235
pciBusID: 017c:00:00.0
totalMemory: 11.18GiB freeMemory: 10.67GiB
2018-03-15 13:00:50.659426: I C:\tf_jenkins\workspace\rel-win\M\windows-gpu\PY\36\tensorflow\core\common_runtime\gpu\gpu_device.cc:1105] Found device 1 with properties:
name: Tesla K80 major: 3 minor: 7 memoryClockRate(GHz): 0.8235
pciBusID: 4631:00:00.0
totalMemory: 11.18GiB freeMemory: 10.67GiB
2018-03-15 13:00:50.829794: I C:\tf_jenkins\workspace\rel-win\M\windows-gpu\PY\36\tensorflow\core\common_runtime\gpu\gpu_device.cc:1105] Found device 2 with properties:
name: Tesla K80 major: 3 minor: 7 memoryClockRate(GHz): 0.8235
pciBusID: d024:00:00.0
totalMemory: 11.18GiB freeMemory: 10.67GiB
2018-03-15 13:00:51.002162: I C:\tf_jenkins\workspace\rel-win\M\windows-gpu\PY\36\tensorflow\core\common_runtime\gpu\gpu_device.cc:1105] Found device 3 with properties:
name: Tesla K80 major: 3 minor: 7 memoryClockRate(GHz): 0.8235
pciBusID: dcd0:00:00.0
totalMemory: 11.18GiB freeMemory: 10.67GiB
2018-03-15 13:00:51.002777: I C:\tf_jenkins\workspace\rel-win\M\windows-gpu\PY\36\tensorflow\core\common_runtime\gpu\gpu_device.cc:1120] Device peer to peer matrix
2018-03-15 13:00:51.003235: I C:\tf_jenkins\workspace\rel-win\M\windows-gpu\PY\36\tensorflow\core\common_runtime\gpu\gpu_device.cc:1126] DMA: 0 1 2 3
2018-03-15 13:00:51.003412: I C:\tf_jenkins\workspace\rel-win\M\windows-gpu\PY\36\tensorflow\core\common_runtime\gpu\gpu_device.cc:1136] 0:   Y N N N
2018-03-15 13:00:51.003589: I C:\tf_jenkins\workspace\rel-win\M\windows-gpu\PY\36\tensorflow\core\common_runtime\gpu\gpu_device.cc:1136] 1:   N Y N N
2018-03-15 13:00:51.003770: I C:\tf_jenkins\workspace\rel-win\M\windows-gpu\PY\36\tensorflow\core\common_runtime\gpu\gpu_device.cc:1136] 2:   N N Y N
2018-03-15 13:00:51.003949: I C:\tf_jenkins\workspace\rel-win\M\windows-gpu\PY\36\tensorflow\core\common_runtime\gpu\gpu_device.cc:1136] 3:   N N N Y
2018-03-15 13:00:51.004159: I C:\tf_jenkins\workspace\rel-win\M\windows-gpu\PY\36\tensorflow\core\common_runtime\gpu\gpu_device.cc:1195] Creating TensorFlow device (/device:GPU:0) -> (device: 0, name: Tesla K80, pci bus id: 017c:00:00.0, compute capability: 3.7)
2018-03-15 13:00:51.004470: I C:\tf_jenkins\workspace\rel-win\M\windows-gpu\PY\36\tensorflow\core\common_runtime\gpu\gpu_device.cc:1195] Creating TensorFlow device (/device:GPU:1) -> (device: 1, name: Tesla K80, pci bus id: 4631:00:00.0, compute capability: 3.7)
2018-03-15 13:00:51.004779: I C:\tf_jenkins\workspace\rel-win\M\windows-gpu\PY\36\tensorflow\core\common_runtime\gpu\gpu_device.cc:1195] Creating TensorFlow device (/device:GPU:2) -> (device: 2, name: Tesla K80, pci bus id: d024:00:00.0, compute capability: 3.7)
2018-03-15 13:00:51.005098: I C:\tf_jenkins\workspace\rel-win\M\windows-gpu\PY\36\tensorflow\core\common_runtime\gpu\gpu_device.cc:1195] Creating TensorFlow device (/device:GPU:3) -> (device: 3, name: Tesla K80, pci bus id: dcd0:00:00.0, compute capability: 3.7)
feature_size = 2 ; initial_conv_size = 16 ; second_conv_size = 32 ; accuracy: 70.3463203205
feature_size = 2 ; initial_conv_size = 16 ; second_conv_size = 64 ; accuracy: 70.5627705628
feature_size = 2 ; initial_conv_size = 16 ; second_conv_size = 80 ; accuracy: 81.9264070038
feature_size = 2 ; initial_conv_size = 32 ; second_conv_size = 32 ; accuracy: 69.8051948052
feature_size = 2 ; initial_conv_size = 32 ; second_conv_size = 64 ; accuracy: 78.5714286488
feature_size = 2 ; initial_conv_size = 32 ; second_conv_size = 80 ; accuracy: 76.0822510823
feature_size = 2 ; initial_conv_size = 64 ; second_conv_size = 32 ; accuracy: 79.2207792724
feature_size = 2 ; initial_conv_size = 64 ; second_conv_size = 64 ; accuracy: 73.4848485107
feature_size = 2 ; initial_conv_size = 64 ; second_conv_size = 80 ; accuracy: 73.7012987271
feature_size = 3 ; initial_conv_size = 16 ; second_conv_size = 32 ; accuracy: 81.9264069522
feature_size = 3 ; initial_conv_size = 16 ; second_conv_size = 64 ; accuracy: 77.705627654
feature_size = 3 ; initial_conv_size = 16 ; second_conv_size = 80 ; accuracy: 77.0562771337
feature_size = 3 ; initial_conv_size = 32 ; second_conv_size = 32 ; accuracy: 81.8181817924
feature_size = 3 ; initial_conv_size = 32 ; second_conv_size = 64 ; accuracy: 77.8138529429
feature_size = 3 ; initial_conv_size = 32 ; second_conv_size = 80 ; accuracy: 74.8917749434
feature_size = 3 ; initial_conv_size = 64 ; second_conv_size = 32 ; accuracy: 80.8441558442
feature_size = 3 ; initial_conv_size = 64 ; second_conv_size = 64 ; accuracy: 81.1688311688
feature_size = 3 ; initial_conv_size = 64 ; second_conv_size = 80 ; accuracy: 79.6536797053
feature_size = 4 ; initial_conv_size = 16 ; second_conv_size = 32 ; accuracy: 73.5930736963
feature_size = 4 ; initial_conv_size = 16 ; second_conv_size = 64 ; accuracy: 81.6017316017
feature_size = 4 ; initial_conv_size = 16 ; second_conv_size = 80 ; accuracy: 76.0822511339
feature_size = 4 ; initial_conv_size = 32 ; second_conv_size = 32 ; accuracy: 80.1948052206
feature_size = 4 ; initial_conv_size = 32 ; second_conv_size = 64 ; accuracy: 78.0303031593
feature_size = 4 ; initial_conv_size = 32 ; second_conv_size = 80 ; accuracy: 73.9177489694
feature_size = 4 ; initial_conv_size = 64 ; second_conv_size = 32 ; accuracy: 79.4372295662
feature_size = 4 ; initial_conv_size = 64 ; second_conv_size = 64 ; accuracy: 81.0606061638
feature_size = 4 ; initial_conv_size = 64 ; second_conv_size = 80 ; accuracy: 78.1385281901
feature_size = 5 ; initial_conv_size = 16 ; second_conv_size = 32 ; accuracy: 75.1082251856
feature_size = 5 ; initial_conv_size = 16 ; second_conv_size = 64 ; accuracy: 76.8398268656
feature_size = 5 ; initial_conv_size = 16 ; second_conv_size = 80 ; accuracy: 79.2207792982
feature_size = 5 ; initial_conv_size = 32 ; second_conv_size = 32 ; accuracy: 79.1125540868
feature_size = 5 ; initial_conv_size = 32 ; second_conv_size = 64 ; accuracy: 80.7359308649
feature_size = 5 ; initial_conv_size = 32 ; second_conv_size = 80 ; accuracy: 79.0043290043
feature_size = 5 ; initial_conv_size = 64 ; second_conv_size = 32 ; accuracy: 75.5411256443
feature_size = 5 ; initial_conv_size = 64 ; second_conv_size = 64 ; accuracy: 75.6493507784
feature_size = 5 ; initial_conv_size = 64 ; second_conv_size = 80 ; accuracy: 75.5411255669

Process finished with exit code 0
